{"C:\\Users\\DELL\\Desktop\\Vasrefil-backend\\Event-Management-backend\\src\\app.ts": {"path":"C:\\Users\\DELL\\Desktop\\Vasrefil-backend\\Event-Management-backend\\src\\app.ts","statementMap":{"0":{"start":{"line":1,"column":0},"end":{"line":1,"column":30}},"1":{"start":{"line":2,"column":0},"end":{"line":2,"column":24}},"2":{"start":{"line":3,"column":0},"end":{"line":3,"column":28}},"3":{"start":{"line":4,"column":0},"end":{"line":4,"column":43}},"4":{"start":{"line":5,"column":0},"end":{"line":5,"column":30}},"5":{"start":{"line":6,"column":0},"end":{"line":6,"column":53}},"6":{"start":{"line":8,"column":12},"end":{"line":8,"column":21}},"7":{"start":{"line":11,"column":0},"end":{"line":11,"column":18}},"8":{"start":{"line":12,"column":0},"end":{"line":17,"column":2}},"9":{"start":{"line":20,"column":16},"end":{"line":27,"column":2}},"10":{"start":{"line":28,"column":0},"end":{"line":28,"column":17}},"11":{"start":{"line":31,"column":0},"end":{"line":31,"column":41}},"12":{"start":{"line":32,"column":0},"end":{"line":32,"column":63}},"13":{"start":{"line":35,"column":0},"end":{"line":35,"column":24}},"14":{"start":{"line":38,"column":0},"end":{"line":43,"column":3}},"15":{"start":{"line":39,"column":2},"end":{"line":42,"column":5}},"16":{"start":{"line":46,"column":0},"end":{"line":46,"column":22}},"17":{"start":{"line":48,"column":0},"end":{"line":48,"column":19}}},"fnMap":{"0":{"name":"(anonymous_1)","decl":{"start":{"line":38,"column":13},"end":{"line":38,"column":14}},"loc":{"start":{"line":38,"column":26},"end":{"line":43,"column":1}}}},"branchMap":{"0":{"loc":{"start":{"line":14,"column":12},"end":{"line":14,"column":42}},"type":"binary-expr","locations":[{"start":{"line":14,"column":12},"end":{"line":14,"column":35}},{"start":{"line":14,"column":39},"end":{"line":14,"column":42}}]}},"s":{"0":2,"1":2,"2":2,"3":2,"4":2,"5":2,"6":2,"7":2,"8":2,"9":2,"10":2,"11":2,"12":2,"13":2,"14":2,"15":0,"16":2,"17":2},"f":{"0":0},"b":{"0":[2,2]}}
,"C:\\Users\\DELL\\Desktop\\Vasrefil-backend\\Event-Management-backend\\src\\controllers\\authController.ts": {"path":"C:\\Users\\DELL\\Desktop\\Vasrefil-backend\\Event-Management-backend\\src\\controllers\\authController.ts","statementMap":{"0":{"start":{"line":2,"column":0},"end":{"line":2,"column":48}},"1":{"start":{"line":3,"column":0},"end":{"line":3,"column":34}},"2":{"start":{"line":6,"column":29},"end":{"line":12,"column":1}},"3":{"start":{"line":7,"column":17},"end":{"line":7,"column":60}},"4":{"start":{"line":8,"column":31},"end":{"line":10,"column":4}},"5":{"start":{"line":11,"column":2},"end":{"line":11,"column":43}},"6":{"start":{"line":6,"column":13},"end":{"line":6,"column":29}},"7":{"start":{"line":14,"column":24},"end":{"line":57,"column":1}},"8":{"start":{"line":15,"column":2},"end":{"line":56,"column":3}},"9":{"start":{"line":16,"column":44},"end":{"line":16,"column":52}},"10":{"start":{"line":19,"column":25},"end":{"line":19,"column":54}},"11":{"start":{"line":20,"column":4},"end":{"line":25,"column":5}},"12":{"start":{"line":21,"column":6},"end":{"line":24,"column":9}},"13":{"start":{"line":28,"column":17},"end":{"line":33,"column":6}},"14":{"start":{"line":35,"column":18},"end":{"line":35,"column":41}},"15":{"start":{"line":37,"column":4},"end":{"line":49,"column":7}},"16":{"start":{"line":51,"column":4},"end":{"line":55,"column":7}},"17":{"start":{"line":14,"column":13},"end":{"line":14,"column":24}},"18":{"start":{"line":59,"column":21},"end":{"line":103,"column":1}},"19":{"start":{"line":60,"column":2},"end":{"line":102,"column":3}},"20":{"start":{"line":61,"column":32},"end":{"line":61,"column":40}},"21":{"start":{"line":64,"column":17},"end":{"line":64,"column":66}},"22":{"start":{"line":65,"column":4},"end":{"line":70,"column":5}},"23":{"start":{"line":66,"column":6},"end":{"line":69,"column":9}},"24":{"start":{"line":73,"column":28},"end":{"line":73,"column":64}},"25":{"start":{"line":74,"column":4},"end":{"line":79,"column":5}},"26":{"start":{"line":75,"column":6},"end":{"line":78,"column":9}},"27":{"start":{"line":81,"column":18},"end":{"line":81,"column":41}},"28":{"start":{"line":83,"column":4},"end":{"line":95,"column":7}},"29":{"start":{"line":97,"column":4},"end":{"line":101,"column":7}},"30":{"start":{"line":59,"column":13},"end":{"line":59,"column":21}},"31":{"start":{"line":104,"column":26},"end":{"line":156,"column":1}},"32":{"start":{"line":105,"column":2},"end":{"line":155,"column":3}},"33":{"start":{"line":106,"column":32},"end":{"line":106,"column":40}},"34":{"start":{"line":109,"column":17},"end":{"line":109,"column":66}},"35":{"start":{"line":110,"column":4},"end":{"line":115,"column":5}},"36":{"start":{"line":111,"column":6},"end":{"line":114,"column":9}},"37":{"start":{"line":118,"column":4},"end":{"line":123,"column":5}},"38":{"start":{"line":119,"column":6},"end":{"line":122,"column":9}},"39":{"start":{"line":126,"column":28},"end":{"line":126,"column":64}},"40":{"start":{"line":127,"column":4},"end":{"line":132,"column":5}},"41":{"start":{"line":128,"column":6},"end":{"line":131,"column":9}},"42":{"start":{"line":134,"column":18},"end":{"line":134,"column":41}},"43":{"start":{"line":136,"column":4},"end":{"line":148,"column":7}},"44":{"start":{"line":150,"column":4},"end":{"line":154,"column":7}},"45":{"start":{"line":104,"column":13},"end":{"line":104,"column":26}},"46":{"start":{"line":158,"column":29},"end":{"line":205,"column":1}},"47":{"start":{"line":159,"column":2},"end":{"line":204,"column":3}},"48":{"start":{"line":160,"column":38},"end":{"line":160,"column":46}},"49":{"start":{"line":163,"column":15},"end":{"line":163,"column":44}},"50":{"start":{"line":164,"column":4},"end":{"line":169,"column":5}},"51":{"start":{"line":165,"column":6},"end":{"line":168,"column":9}},"52":{"start":{"line":172,"column":4},"end":{"line":177,"column":7}},"53":{"start":{"line":180,"column":4},"end":{"line":180,"column":22}},"54":{"start":{"line":183,"column":18},"end":{"line":183,"column":41}},"55":{"start":{"line":185,"column":4},"end":{"line":196,"column":7}},"56":{"start":{"line":198,"column":4},"end":{"line":198,"column":23}},"57":{"start":{"line":199,"column":4},"end":{"line":203,"column":7}},"58":{"start":{"line":158,"column":13},"end":{"line":158,"column":29}},"59":{"start":{"line":207,"column":26},"end":{"line":237,"column":1}},"60":{"start":{"line":208,"column":2},"end":{"line":236,"column":3}},"61":{"start":{"line":209,"column":17},"end":{"line":209,"column":50}},"62":{"start":{"line":211,"column":4},"end":{"line":216,"column":5}},"63":{"start":{"line":212,"column":6},"end":{"line":215,"column":9}},"64":{"start":{"line":218,"column":4},"end":{"line":229,"column":7}},"65":{"start":{"line":231,"column":4},"end":{"line":235,"column":7}},"66":{"start":{"line":207,"column":13},"end":{"line":207,"column":26}}},"fnMap":{"0":{"name":"(anonymous_1)","decl":{"start":{"line":6,"column":29},"end":{"line":6,"column":30}},"loc":{"start":{"line":6,"column":52},"end":{"line":12,"column":1}}},"1":{"name":"(anonymous_2)","decl":{"start":{"line":14,"column":24},"end":{"line":14,"column":29}},"loc":{"start":{"line":14,"column":62},"end":{"line":57,"column":1}}},"2":{"name":"(anonymous_3)","decl":{"start":{"line":59,"column":21},"end":{"line":59,"column":26}},"loc":{"start":{"line":59,"column":59},"end":{"line":103,"column":1}}},"3":{"name":"(anonymous_4)","decl":{"start":{"line":104,"column":26},"end":{"line":104,"column":31}},"loc":{"start":{"line":104,"column":64},"end":{"line":156,"column":1}}},"4":{"name":"(anonymous_5)","decl":{"start":{"line":158,"column":29},"end":{"line":158,"column":34}},"loc":{"start":{"line":158,"column":67},"end":{"line":205,"column":1}}},"5":{"name":"(anonymous_6)","decl":{"start":{"line":207,"column":26},"end":{"line":207,"column":31}},"loc":{"start":{"line":207,"column":68},"end":{"line":237,"column":1}}}},"branchMap":{"0":{"loc":{"start":{"line":7,"column":17},"end":{"line":7,"column":60}},"type":"binary-expr","locations":[{"start":{"line":7,"column":17},"end":{"line":7,"column":39}},{"start":{"line":7,"column":43},"end":{"line":7,"column":60}}]},"1":{"loc":{"start":{"line":9,"column":16},"end":{"line":9,"column":47}},"type":"binary-expr","locations":[{"start":{"line":9,"column":16},"end":{"line":9,"column":38}},{"start":{"line":9,"column":42},"end":{"line":9,"column":47}}]},"2":{"loc":{"start":{"line":20,"column":4},"end":{"line":25,"column":5}},"type":"if","locations":[{"start":{"line":20,"column":4},"end":{"line":25,"column":5}}]},"3":{"loc":{"start":{"line":32,"column":12},"end":{"line":32,"column":26}},"type":"binary-expr","locations":[{"start":{"line":32,"column":12},"end":{"line":32,"column":16}},{"start":{"line":32,"column":20},"end":{"line":32,"column":26}}]},"4":{"loc":{"start":{"line":54,"column":13},"end":{"line":54,"column":69}},"type":"cond-expr","locations":[{"start":{"line":54,"column":38},"end":{"line":54,"column":51}},{"start":{"line":54,"column":54},"end":{"line":54,"column":69}}]},"5":{"loc":{"start":{"line":65,"column":4},"end":{"line":70,"column":5}},"type":"if","locations":[{"start":{"line":65,"column":4},"end":{"line":70,"column":5}}]},"6":{"loc":{"start":{"line":74,"column":4},"end":{"line":79,"column":5}},"type":"if","locations":[{"start":{"line":74,"column":4},"end":{"line":79,"column":5}}]},"7":{"loc":{"start":{"line":100,"column":13},"end":{"line":100,"column":69}},"type":"cond-expr","locations":[{"start":{"line":100,"column":38},"end":{"line":100,"column":51}},{"start":{"line":100,"column":54},"end":{"line":100,"column":69}}]},"8":{"loc":{"start":{"line":110,"column":4},"end":{"line":115,"column":5}},"type":"if","locations":[{"start":{"line":110,"column":4},"end":{"line":115,"column":5}}]},"9":{"loc":{"start":{"line":118,"column":4},"end":{"line":123,"column":5}},"type":"if","locations":[{"start":{"line":118,"column":4},"end":{"line":123,"column":5}}]},"10":{"loc":{"start":{"line":127,"column":4},"end":{"line":132,"column":5}},"type":"if","locations":[{"start":{"line":127,"column":4},"end":{"line":132,"column":5}}]},"11":{"loc":{"start":{"line":153,"column":13},"end":{"line":153,"column":69}},"type":"cond-expr","locations":[{"start":{"line":153,"column":38},"end":{"line":153,"column":51}},{"start":{"line":153,"column":54},"end":{"line":153,"column":69}}]},"12":{"loc":{"start":{"line":164,"column":4},"end":{"line":169,"column":5}},"type":"if","locations":[{"start":{"line":164,"column":4},"end":{"line":169,"column":5}}]},"13":{"loc":{"start":{"line":202,"column":13},"end":{"line":202,"column":65}},"type":"cond-expr","locations":[{"start":{"line":202,"column":36},"end":{"line":202,"column":47}},{"start":{"line":202,"column":50},"end":{"line":202,"column":65}}]},"14":{"loc":{"start":{"line":211,"column":4},"end":{"line":216,"column":5}},"type":"if","locations":[{"start":{"line":211,"column":4},"end":{"line":216,"column":5}}]},"15":{"loc":{"start":{"line":234,"column":13},"end":{"line":234,"column":69}},"type":"cond-expr","locations":[{"start":{"line":234,"column":38},"end":{"line":234,"column":51}},{"start":{"line":234,"column":54},"end":{"line":234,"column":69}}]}},"s":{"0":3,"1":3,"2":3,"3":1,"4":1,"5":1,"6":3,"7":3,"8":3,"9":3,"10":3,"11":2,"12":1,"13":1,"14":1,"15":1,"16":1,"17":3,"18":3,"19":3,"20":3,"21":3,"22":2,"23":1,"24":1,"25":1,"26":1,"27":0,"28":0,"29":1,"30":3,"31":3,"32":4,"33":4,"34":4,"35":3,"36":1,"37":2,"38":1,"39":1,"40":1,"41":1,"42":0,"43":0,"44":1,"45":3,"46":3,"47":2,"48":2,"49":2,"50":1,"51":1,"52":0,"53":0,"54":0,"55":0,"56":1,"57":1,"58":3,"59":3,"60":2,"61":2,"62":1,"63":1,"64":0,"65":1,"66":3},"f":{"0":1,"1":3,"2":3,"3":4,"4":2,"5":2},"b":{"0":[1,1],"1":[1,1],"2":[1],"3":[1,0],"4":[1,0],"5":[1],"6":[1],"7":[1,0],"8":[1],"9":[1],"10":[1],"11":[1,0],"12":[1],"13":[1,0],"14":[1],"15":[1,0]}}
,"C:\\Users\\DELL\\Desktop\\Vasrefil-backend\\Event-Management-backend\\src\\controllers\\bookingController.ts": {"path":"C:\\Users\\DELL\\Desktop\\Vasrefil-backend\\Event-Management-backend\\src\\controllers\\bookingController.ts","statementMap":{"0":{"start":{"line":2,"column":0},"end":{"line":2,"column":32}},"1":{"start":{"line":3,"column":0},"end":{"line":3,"column":40}},"2":{"start":{"line":4,"column":0},"end":{"line":4,"column":36}},"3":{"start":{"line":6,"column":0},"end":{"line":6,"column":36}},"4":{"start":{"line":9,"column":23},"end":{"line":30,"column":1}},"5":{"start":{"line":10,"column":2},"end":{"line":29,"column":3}},"6":{"start":{"line":12,"column":4},"end":{"line":12,"column":52}},"7":{"start":{"line":15,"column":4},"end":{"line":15,"column":62}},"8":{"start":{"line":15,"column":35},"end":{"line":15,"column":60}},"9":{"start":{"line":18,"column":4},"end":{"line":23,"column":6}},"10":{"start":{"line":25,"column":4},"end":{"line":28,"column":6}},"11":{"start":{"line":32,"column":29},"end":{"line":149,"column":1}},"12":{"start":{"line":33,"column":2},"end":{"line":148,"column":3}},"13":{"start":{"line":39,"column":8},"end":{"line":39,"column":16}},"14":{"start":{"line":40,"column":19},"end":{"line":40,"column":31}},"15":{"start":{"line":43,"column":4},"end":{"line":48,"column":5}},"16":{"start":{"line":44,"column":6},"end":{"line":47,"column":9}},"17":{"start":{"line":50,"column":20},"end":{"line":50,"column":59}},"18":{"start":{"line":53,"column":18},"end":{"line":53,"column":47}},"19":{"start":{"line":54,"column":4},"end":{"line":59,"column":5}},"20":{"start":{"line":55,"column":6},"end":{"line":58,"column":9}},"21":{"start":{"line":62,"column":4},"end":{"line":67,"column":5}},"22":{"start":{"line":63,"column":6},"end":{"line":66,"column":9}},"23":{"start":{"line":70,"column":28},"end":{"line":74,"column":6}},"24":{"start":{"line":76,"column":4},"end":{"line":81,"column":5}},"25":{"start":{"line":77,"column":6},"end":{"line":80,"column":9}},"26":{"start":{"line":84,"column":4},"end":{"line":89,"column":5}},"27":{"start":{"line":85,"column":6},"end":{"line":88,"column":9}},"28":{"start":{"line":92,"column":24},"end":{"line":92,"column":49}},"29":{"start":{"line":95,"column":26},"end":{"line":95,"column":75}},"30":{"start":{"line":97,"column":4},"end":{"line":103,"column":5}},"31":{"start":{"line":98,"column":6},"end":{"line":102,"column":9}},"32":{"start":{"line":106,"column":20},"end":{"line":116,"column":6}},"33":{"start":{"line":118,"column":4},"end":{"line":118,"column":25}},"34":{"start":{"line":121,"column":4},"end":{"line":121,"column":40}},"35":{"start":{"line":122,"column":4},"end":{"line":122,"column":23}},"36":{"start":{"line":125,"column":4},"end":{"line":128,"column":7}},"37":{"start":{"line":130,"column":4},"end":{"line":141,"column":7}},"38":{"start":{"line":143,"column":4},"end":{"line":147,"column":7}},"39":{"start":{"line":32,"column":13},"end":{"line":32,"column":29}},"40":{"start":{"line":153,"column":29},"end":{"line":233,"column":1}},"41":{"start":{"line":154,"column":2},"end":{"line":232,"column":3}},"42":{"start":{"line":155,"column":19},"end":{"line":155,"column":29}},"43":{"start":{"line":156,"column":19},"end":{"line":156,"column":31}},"44":{"start":{"line":159,"column":20},"end":{"line":159,"column":68}},"45":{"start":{"line":161,"column":4},"end":{"line":166,"column":5}},"46":{"start":{"line":162,"column":6},"end":{"line":165,"column":9}},"47":{"start":{"line":169,"column":4},"end":{"line":174,"column":5}},"48":{"start":{"line":170,"column":6},"end":{"line":173,"column":9}},"49":{"start":{"line":177,"column":18},"end":{"line":177,"column":53}},"50":{"start":{"line":178,"column":4},"end":{"line":183,"column":5}},"51":{"start":{"line":179,"column":6},"end":{"line":182,"column":9}},"52":{"start":{"line":186,"column":16},"end":{"line":186,"column":26}},"53":{"start":{"line":187,"column":22},"end":{"line":187,"column":42}},"54":{"start":{"line":189,"column":6},"end":{"line":189,"column":62}},"55":{"start":{"line":191,"column":4},"end":{"line":196,"column":5}},"56":{"start":{"line":192,"column":6},"end":{"line":195,"column":9}},"57":{"start":{"line":199,"column":4},"end":{"line":199,"column":33}},"58":{"start":{"line":200,"column":4},"end":{"line":200,"column":25}},"59":{"start":{"line":203,"column":4},"end":{"line":203,"column":48}},"60":{"start":{"line":204,"column":4},"end":{"line":204,"column":23}},"61":{"start":{"line":207,"column":4},"end":{"line":219,"column":5}},"62":{"start":{"line":208,"column":6},"end":{"line":218,"column":7}},"63":{"start":{"line":209,"column":8},"end":{"line":209,"column":74}},"64":{"start":{"line":211,"column":8},"end":{"line":214,"column":11}},"65":{"start":{"line":216,"column":8},"end":{"line":216,"column":53}},"66":{"start":{"line":221,"column":4},"end":{"line":225,"column":7}},"67":{"start":{"line":227,"column":4},"end":{"line":231,"column":7}},"68":{"start":{"line":153,"column":13},"end":{"line":153,"column":29}},"69":{"start":{"line":236,"column":31},"end":{"line":276,"column":1}},"70":{"start":{"line":237,"column":2},"end":{"line":275,"column":3}},"71":{"start":{"line":238,"column":19},"end":{"line":238,"column":31}},"72":{"start":{"line":239,"column":45},"end":{"line":239,"column":54}},"73":{"start":{"line":241,"column":23},"end":{"line":241,"column":39}},"74":{"start":{"line":242,"column":4},"end":{"line":242,"column":38}},"75":{"start":{"line":242,"column":16},"end":{"line":242,"column":38}},"76":{"start":{"line":244,"column":20},"end":{"line":244,"column":45}},"77":{"start":{"line":245,"column":21},"end":{"line":245,"column":61}},"78":{"start":{"line":246,"column":17},"end":{"line":246,"column":41}},"79":{"start":{"line":248,"column":21},"end":{"line":253,"column":13}},"80":{"start":{"line":255,"column":18},"end":{"line":255,"column":53}},"81":{"start":{"line":257,"column":4},"end":{"line":268,"column":7}},"82":{"start":{"line":270,"column":4},"end":{"line":274,"column":7}},"83":{"start":{"line":236,"column":13},"end":{"line":236,"column":31}},"84":{"start":{"line":278,"column":30},"end":{"line":305,"column":1}},"85":{"start":{"line":279,"column":2},"end":{"line":304,"column":3}},"86":{"start":{"line":280,"column":19},"end":{"line":280,"column":29}},"87":{"start":{"line":281,"column":19},"end":{"line":281,"column":31}},"88":{"start":{"line":283,"column":20},"end":{"line":285,"column":37}},"89":{"start":{"line":287,"column":4},"end":{"line":292,"column":5}},"90":{"start":{"line":288,"column":6},"end":{"line":291,"column":9}},"91":{"start":{"line":294,"column":4},"end":{"line":297,"column":7}},"92":{"start":{"line":299,"column":4},"end":{"line":303,"column":7}},"93":{"start":{"line":278,"column":13},"end":{"line":278,"column":30}},"94":{"start":{"line":307,"column":30},"end":{"line":350,"column":1}},"95":{"start":{"line":308,"column":2},"end":{"line":349,"column":3}},"96":{"start":{"line":309,"column":62},"end":{"line":309,"column":71}},"97":{"start":{"line":312,"column":23},"end":{"line":312,"column":25}},"98":{"start":{"line":313,"column":4},"end":{"line":313,"column":38}},"99":{"start":{"line":313,"column":16},"end":{"line":313,"column":38}},"100":{"start":{"line":314,"column":4},"end":{"line":314,"column":39}},"101":{"start":{"line":314,"column":17},"end":{"line":314,"column":39}},"102":{"start":{"line":315,"column":4},"end":{"line":315,"column":36}},"103":{"start":{"line":315,"column":16},"end":{"line":315,"column":36}},"104":{"start":{"line":317,"column":20},"end":{"line":317,"column":45}},"105":{"start":{"line":318,"column":21},"end":{"line":318,"column":61}},"106":{"start":{"line":319,"column":17},"end":{"line":319,"column":41}},"107":{"start":{"line":321,"column":21},"end":{"line":327,"column":13}},"108":{"start":{"line":329,"column":18},"end":{"line":329,"column":53}},"109":{"start":{"line":331,"column":4},"end":{"line":342,"column":7}},"110":{"start":{"line":344,"column":4},"end":{"line":348,"column":7}},"111":{"start":{"line":307,"column":13},"end":{"line":307,"column":30}},"112":{"start":{"line":352,"column":32},"end":{"line":423,"column":1}},"113":{"start":{"line":353,"column":2},"end":{"line":422,"column":3}},"114":{"start":{"line":354,"column":24},"end":{"line":354,"column":34}},"115":{"start":{"line":355,"column":45},"end":{"line":355,"column":54}},"116":{"start":{"line":358,"column":18},"end":{"line":358,"column":47}},"117":{"start":{"line":359,"column":4},"end":{"line":364,"column":5}},"118":{"start":{"line":360,"column":6},"end":{"line":363,"column":9}},"119":{"start":{"line":367,"column":23},"end":{"line":367,"column":41}},"120":{"start":{"line":368,"column":4},"end":{"line":368,"column":38}},"121":{"start":{"line":368,"column":16},"end":{"line":368,"column":38}},"122":{"start":{"line":370,"column":20},"end":{"line":370,"column":45}},"123":{"start":{"line":371,"column":21},"end":{"line":371,"column":61}},"124":{"start":{"line":372,"column":17},"end":{"line":372,"column":41}},"125":{"start":{"line":374,"column":21},"end":{"line":379,"column":13}},"126":{"start":{"line":381,"column":18},"end":{"line":381,"column":53}},"127":{"start":{"line":384,"column":18},"end":{"line":394,"column":6}},"128":{"start":{"line":396,"column":4},"end":{"line":415,"column":7}},"129":{"start":{"line":417,"column":4},"end":{"line":421,"column":7}},"130":{"start":{"line":352,"column":13},"end":{"line":352,"column":32}}},"fnMap":{"0":{"name":"(anonymous_1)","decl":{"start":{"line":9,"column":23},"end":{"line":9,"column":28}},"loc":{"start":{"line":9,"column":69},"end":{"line":30,"column":1}}},"1":{"name":"(anonymous_2)","decl":{"start":{"line":15,"column":22},"end":{"line":15,"column":23}},"loc":{"start":{"line":15,"column":35},"end":{"line":15,"column":60}}},"2":{"name":"(anonymous_3)","decl":{"start":{"line":32,"column":29},"end":{"line":32,"column":34}},"loc":{"start":{"line":32,"column":71},"end":{"line":149,"column":1}}},"3":{"name":"(anonymous_4)","decl":{"start":{"line":153,"column":29},"end":{"line":153,"column":34}},"loc":{"start":{"line":153,"column":71},"end":{"line":233,"column":1}}},"4":{"name":"(anonymous_5)","decl":{"start":{"line":236,"column":31},"end":{"line":236,"column":36}},"loc":{"start":{"line":236,"column":73},"end":{"line":276,"column":1}}},"5":{"name":"(anonymous_6)","decl":{"start":{"line":278,"column":30},"end":{"line":278,"column":35}},"loc":{"start":{"line":278,"column":72},"end":{"line":305,"column":1}}},"6":{"name":"(anonymous_7)","decl":{"start":{"line":307,"column":30},"end":{"line":307,"column":35}},"loc":{"start":{"line":307,"column":72},"end":{"line":350,"column":1}}},"7":{"name":"(anonymous_8)","decl":{"start":{"line":352,"column":32},"end":{"line":352,"column":37}},"loc":{"start":{"line":352,"column":74},"end":{"line":423,"column":1}}}},"branchMap":{"0":{"loc":{"start":{"line":27,"column":13},"end":{"line":27,"column":70}},"type":"cond-expr","locations":[{"start":{"line":27,"column":38},"end":{"line":27,"column":51}},{"start":{"line":27,"column":54},"end":{"line":27,"column":70}}]},"1":{"loc":{"start":{"line":43,"column":4},"end":{"line":48,"column":5}},"type":"if","locations":[{"start":{"line":43,"column":4},"end":{"line":48,"column":5}}]},"2":{"loc":{"start":{"line":54,"column":4},"end":{"line":59,"column":5}},"type":"if","locations":[{"start":{"line":54,"column":4},"end":{"line":59,"column":5}}]},"3":{"loc":{"start":{"line":62,"column":4},"end":{"line":67,"column":5}},"type":"if","locations":[{"start":{"line":62,"column":4},"end":{"line":67,"column":5}}]},"4":{"loc":{"start":{"line":76,"column":4},"end":{"line":81,"column":5}},"type":"if","locations":[{"start":{"line":76,"column":4},"end":{"line":81,"column":5}}]},"5":{"loc":{"start":{"line":84,"column":4},"end":{"line":89,"column":5}},"type":"if","locations":[{"start":{"line":84,"column":4},"end":{"line":89,"column":5}}]},"6":{"loc":{"start":{"line":97,"column":4},"end":{"line":103,"column":5}},"type":"if","locations":[{"start":{"line":97,"column":4},"end":{"line":103,"column":5}}]},"7":{"loc":{"start":{"line":146,"column":13},"end":{"line":146,"column":69}},"type":"cond-expr","locations":[{"start":{"line":146,"column":38},"end":{"line":146,"column":51}},{"start":{"line":146,"column":54},"end":{"line":146,"column":69}}]},"8":{"loc":{"start":{"line":161,"column":4},"end":{"line":166,"column":5}},"type":"if","locations":[{"start":{"line":161,"column":4},"end":{"line":166,"column":5}}]},"9":{"loc":{"start":{"line":169,"column":4},"end":{"line":174,"column":5}},"type":"if","locations":[{"start":{"line":169,"column":4},"end":{"line":174,"column":5}}]},"10":{"loc":{"start":{"line":178,"column":4},"end":{"line":183,"column":5}},"type":"if","locations":[{"start":{"line":178,"column":4},"end":{"line":183,"column":5}}]},"11":{"loc":{"start":{"line":191,"column":4},"end":{"line":196,"column":5}},"type":"if","locations":[{"start":{"line":191,"column":4},"end":{"line":196,"column":5}}]},"12":{"loc":{"start":{"line":207,"column":4},"end":{"line":219,"column":5}},"type":"if","locations":[{"start":{"line":207,"column":4},"end":{"line":219,"column":5}}]},"13":{"loc":{"start":{"line":230,"column":13},"end":{"line":230,"column":69}},"type":"cond-expr","locations":[{"start":{"line":230,"column":38},"end":{"line":230,"column":51}},{"start":{"line":230,"column":54},"end":{"line":230,"column":69}}]},"14":{"loc":{"start":{"line":239,"column":12},"end":{"line":239,"column":20}},"type":"default-arg","locations":[{"start":{"line":239,"column":19},"end":{"line":239,"column":20}}]},"15":{"loc":{"start":{"line":239,"column":22},"end":{"line":239,"column":32}},"type":"default-arg","locations":[{"start":{"line":239,"column":30},"end":{"line":239,"column":32}}]},"16":{"loc":{"start":{"line":242,"column":4},"end":{"line":242,"column":38}},"type":"if","locations":[{"start":{"line":242,"column":4},"end":{"line":242,"column":38}}]},"17":{"loc":{"start":{"line":273,"column":13},"end":{"line":273,"column":69}},"type":"cond-expr","locations":[{"start":{"line":273,"column":38},"end":{"line":273,"column":51}},{"start":{"line":273,"column":54},"end":{"line":273,"column":69}}]},"18":{"loc":{"start":{"line":287,"column":4},"end":{"line":292,"column":5}},"type":"if","locations":[{"start":{"line":287,"column":4},"end":{"line":292,"column":5}}]},"19":{"loc":{"start":{"line":302,"column":13},"end":{"line":302,"column":69}},"type":"cond-expr","locations":[{"start":{"line":302,"column":38},"end":{"line":302,"column":51}},{"start":{"line":302,"column":54},"end":{"line":302,"column":69}}]},"20":{"loc":{"start":{"line":309,"column":12},"end":{"line":309,"column":20}},"type":"default-arg","locations":[{"start":{"line":309,"column":19},"end":{"line":309,"column":20}}]},"21":{"loc":{"start":{"line":309,"column":22},"end":{"line":309,"column":32}},"type":"default-arg","locations":[{"start":{"line":309,"column":30},"end":{"line":309,"column":32}}]},"22":{"loc":{"start":{"line":313,"column":4},"end":{"line":313,"column":38}},"type":"if","locations":[{"start":{"line":313,"column":4},"end":{"line":313,"column":38}}]},"23":{"loc":{"start":{"line":314,"column":4},"end":{"line":314,"column":39}},"type":"if","locations":[{"start":{"line":314,"column":4},"end":{"line":314,"column":39}}]},"24":{"loc":{"start":{"line":315,"column":4},"end":{"line":315,"column":36}},"type":"if","locations":[{"start":{"line":315,"column":4},"end":{"line":315,"column":36}}]},"25":{"loc":{"start":{"line":347,"column":13},"end":{"line":347,"column":69}},"type":"cond-expr","locations":[{"start":{"line":347,"column":38},"end":{"line":347,"column":51}},{"start":{"line":347,"column":54},"end":{"line":347,"column":69}}]},"26":{"loc":{"start":{"line":355,"column":12},"end":{"line":355,"column":20}},"type":"default-arg","locations":[{"start":{"line":355,"column":19},"end":{"line":355,"column":20}}]},"27":{"loc":{"start":{"line":355,"column":22},"end":{"line":355,"column":32}},"type":"default-arg","locations":[{"start":{"line":355,"column":30},"end":{"line":355,"column":32}}]},"28":{"loc":{"start":{"line":359,"column":4},"end":{"line":364,"column":5}},"type":"if","locations":[{"start":{"line":359,"column":4},"end":{"line":364,"column":5}}]},"29":{"loc":{"start":{"line":368,"column":4},"end":{"line":368,"column":38}},"type":"if","locations":[{"start":{"line":368,"column":4},"end":{"line":368,"column":38}}]},"30":{"loc":{"start":{"line":420,"column":13},"end":{"line":420,"column":69}},"type":"cond-expr","locations":[{"start":{"line":420,"column":38},"end":{"line":420,"column":51}},{"start":{"line":420,"column":54},"end":{"line":420,"column":69}}]}},"s":{"0":2,"1":2,"2":2,"3":2,"4":2,"5":2,"6":2,"7":2,"8":2,"9":2,"10":0,"11":2,"12":3,"13":3,"14":3,"15":3,"16":0,"17":3,"18":3,"19":3,"20":0,"21":3,"22":0,"23":3,"24":3,"25":1,"26":2,"27":0,"28":2,"29":2,"30":2,"31":0,"32":2,"33":2,"34":2,"35":2,"36":2,"37":2,"38":0,"39":2,"40":2,"41":3,"42":3,"43":3,"44":3,"45":3,"46":2,"47":1,"48":0,"49":1,"50":1,"51":0,"52":1,"53":1,"54":1,"55":1,"56":0,"57":1,"58":1,"59":1,"60":1,"61":1,"62":0,"63":0,"64":0,"65":0,"66":1,"67":0,"68":2,"69":2,"70":2,"71":2,"72":2,"73":2,"74":2,"75":1,"76":2,"77":2,"78":2,"79":2,"80":2,"81":2,"82":0,"83":2,"84":2,"85":1,"86":1,"87":1,"88":1,"89":1,"90":0,"91":1,"92":0,"93":2,"94":2,"95":1,"96":1,"97":1,"98":1,"99":0,"100":1,"101":0,"102":1,"103":0,"104":1,"105":1,"106":1,"107":1,"108":1,"109":1,"110":0,"111":2,"112":2,"113":1,"114":1,"115":1,"116":1,"117":1,"118":0,"119":1,"120":1,"121":0,"122":1,"123":1,"124":1,"125":1,"126":1,"127":1,"128":1,"129":0,"130":2},"f":{"0":2,"1":2,"2":3,"3":3,"4":2,"5":1,"6":1,"7":1},"b":{"0":[0,0],"1":[0],"2":[0],"3":[0],"4":[1],"5":[0],"6":[0],"7":[0,0],"8":[2],"9":[0],"10":[0],"11":[0],"12":[0],"13":[0,0],"14":[2],"15":[2],"16":[1],"17":[0,0],"18":[0],"19":[0,0],"20":[1],"21":[1],"22":[0],"23":[0],"24":[0],"25":[0,0],"26":[1],"27":[1],"28":[0],"29":[0],"30":[0,0]}}
,"C:\\Users\\DELL\\Desktop\\Vasrefil-backend\\Event-Management-backend\\src\\controllers\\dashboardController.ts": {"path":"C:\\Users\\DELL\\Desktop\\Vasrefil-backend\\Event-Management-backend\\src\\controllers\\dashboardController.ts","statementMap":{"0":{"start":{"line":3,"column":0},"end":{"line":3,"column":36}},"1":{"start":{"line":4,"column":0},"end":{"line":4,"column":40}},"2":{"start":{"line":5,"column":0},"end":{"line":5,"column":34}},"3":{"start":{"line":8,"column":33},"end":{"line":167,"column":1}},"4":{"start":{"line":9,"column":2},"end":{"line":166,"column":3}},"5":{"start":{"line":12,"column":6},"end":{"line":20,"column":8}},"6":{"start":{"line":23,"column":25},"end":{"line":23,"column":35}},"7":{"start":{"line":24,"column":4},"end":{"line":24,"column":55}},"8":{"start":{"line":26,"column":28},"end":{"line":47,"column":6}},"9":{"start":{"line":50,"column":26},"end":{"line":82,"column":6}},"10":{"start":{"line":85,"column":26},"end":{"line":125,"column":6}},"11":{"start":{"line":128,"column":27},"end":{"line":133,"column":13}},"12":{"start":{"line":136,"column":27},"end":{"line":142,"column":13}},"13":{"start":{"line":144,"column":4},"end":{"line":159,"column":7}},"14":{"start":{"line":161,"column":4},"end":{"line":165,"column":7}},"15":{"start":{"line":8,"column":13},"end":{"line":8,"column":33}},"16":{"start":{"line":169,"column":31},"end":{"line":235,"column":1}},"17":{"start":{"line":170,"column":2},"end":{"line":234,"column":3}},"18":{"start":{"line":171,"column":33},"end":{"line":171,"column":42}},"19":{"start":{"line":176,"column":4},"end":{"line":202,"column":5}},"20":{"start":{"line":178,"column":8},"end":{"line":178,"column":31}},"21":{"start":{"line":179,"column":8},"end":{"line":179,"column":51}},"22":{"start":{"line":180,"column":8},"end":{"line":184,"column":10}},"23":{"start":{"line":185,"column":8},"end":{"line":185,"column":14}},"24":{"start":{"line":187,"column":8},"end":{"line":187,"column":31}},"25":{"start":{"line":188,"column":8},"end":{"line":188,"column":59}},"26":{"start":{"line":189,"column":8},"end":{"line":192,"column":10}},"27":{"start":{"line":193,"column":8},"end":{"line":193,"column":14}},"28":{"start":{"line":195,"column":8},"end":{"line":195,"column":31}},"29":{"start":{"line":196,"column":8},"end":{"line":196,"column":53}},"30":{"start":{"line":197,"column":8},"end":{"line":201,"column":10}},"31":{"start":{"line":204,"column":24},"end":{"line":222,"column":6}},"32":{"start":{"line":224,"column":4},"end":{"line":227,"column":7}},"33":{"start":{"line":229,"column":4},"end":{"line":233,"column":7}},"34":{"start":{"line":169,"column":13},"end":{"line":169,"column":31}}},"fnMap":{"0":{"name":"(anonymous_1)","decl":{"start":{"line":8,"column":33},"end":{"line":8,"column":38}},"loc":{"start":{"line":8,"column":75},"end":{"line":167,"column":1}}},"1":{"name":"(anonymous_2)","decl":{"start":{"line":169,"column":31},"end":{"line":169,"column":36}},"loc":{"start":{"line":169,"column":73},"end":{"line":235,"column":1}}}},"branchMap":{"0":{"loc":{"start":{"line":151,"column":24},"end":{"line":151,"column":51}},"type":"binary-expr","locations":[{"start":{"line":151,"column":24},"end":{"line":151,"column":46}},{"start":{"line":151,"column":50},"end":{"line":151,"column":51}}]},"1":{"loc":{"start":{"line":164,"column":13},"end":{"line":164,"column":69}},"type":"cond-expr","locations":[{"start":{"line":164,"column":38},"end":{"line":164,"column":51}},{"start":{"line":164,"column":54},"end":{"line":164,"column":69}}]},"2":{"loc":{"start":{"line":171,"column":12},"end":{"line":171,"column":28}},"type":"default-arg","locations":[{"start":{"line":171,"column":21},"end":{"line":171,"column":28}}]},"3":{"loc":{"start":{"line":176,"column":4},"end":{"line":202,"column":5}},"type":"switch","locations":[{"start":{"line":177,"column":6},"end":{"line":185,"column":14}},{"start":{"line":186,"column":6},"end":{"line":193,"column":14}},{"start":{"line":194,"column":6},"end":{"line":201,"column":10}}]},"4":{"loc":{"start":{"line":232,"column":13},"end":{"line":232,"column":69}},"type":"cond-expr","locations":[{"start":{"line":232,"column":38},"end":{"line":232,"column":51}},{"start":{"line":232,"column":54},"end":{"line":232,"column":69}}]}},"s":{"0":3,"1":3,"2":3,"3":3,"4":1,"5":1,"6":1,"7":1,"8":1,"9":1,"10":1,"11":1,"12":1,"13":1,"14":0,"15":3,"16":3,"17":3,"18":3,"19":3,"20":1,"21":1,"22":1,"23":1,"24":1,"25":1,"26":1,"27":1,"28":1,"29":1,"30":1,"31":3,"32":3,"33":0,"34":3},"f":{"0":1,"1":3},"b":{"0":[1,0],"1":[0,0],"2":[1],"3":[1,1,1],"4":[0,0]}}
,"C:\\Users\\DELL\\Desktop\\Vasrefil-backend\\Event-Management-backend\\src\\controllers\\eventController.ts": {"path":"C:\\Users\\DELL\\Desktop\\Vasrefil-backend\\Event-Management-backend\\src\\controllers\\eventController.ts","statementMap":{"0":{"start":{"line":2,"column":0},"end":{"line":2,"column":36}},"1":{"start":{"line":4,"column":0},"end":{"line":4,"column":32}},"2":{"start":{"line":6,"column":25},"end":{"line":75,"column":1}},"3":{"start":{"line":7,"column":2},"end":{"line":74,"column":3}},"4":{"start":{"line":18,"column":21},"end":{"line":18,"column":30}},"5":{"start":{"line":21,"column":23},"end":{"line":21,"column":25}},"6":{"start":{"line":23,"column":4},"end":{"line":23,"column":44}},"7":{"start":{"line":23,"column":18},"end":{"line":23,"column":44}},"8":{"start":{"line":24,"column":4},"end":{"line":24,"column":61}},"9":{"start":{"line":24,"column":18},"end":{"line":24,"column":61}},"10":{"start":{"line":25,"column":4},"end":{"line":30,"column":5}},"11":{"start":{"line":26,"column":25},"end":{"line":26,"column":39}},"12":{"start":{"line":27,"column":22},"end":{"line":27,"column":42}},"13":{"start":{"line":28,"column":6},"end":{"line":28,"column":45}},"14":{"start":{"line":29,"column":6},"end":{"line":29,"column":54}},"15":{"start":{"line":31,"column":4},"end":{"line":34,"column":5}},"16":{"start":{"line":33,"column":6},"end":{"line":33,"column":24}},"17":{"start":{"line":35,"column":4},"end":{"line":37,"column":5}},"18":{"start":{"line":36,"column":6},"end":{"line":36,"column":40}},"19":{"start":{"line":40,"column":22},"end":{"line":40,"column":24}},"20":{"start":{"line":41,"column":4},"end":{"line":41,"column":49}},"21":{"start":{"line":43,"column":20},"end":{"line":43,"column":45}},"22":{"start":{"line":44,"column":21},"end":{"line":44,"column":61}},"23":{"start":{"line":45,"column":17},"end":{"line":45,"column":41}},"24":{"start":{"line":47,"column":19},"end":{"line":52,"column":13}},"25":{"start":{"line":54,"column":18},"end":{"line":54,"column":51}},"26":{"start":{"line":56,"column":4},"end":{"line":67,"column":7}},"27":{"start":{"line":69,"column":4},"end":{"line":73,"column":7}},"28":{"start":{"line":6,"column":13},"end":{"line":6,"column":25}},"29":{"start":{"line":77,"column":24},"end":{"line":110,"column":1}},"30":{"start":{"line":78,"column":2},"end":{"line":109,"column":3}},"31":{"start":{"line":79,"column":19},"end":{"line":79,"column":29}},"32":{"start":{"line":82,"column":4},"end":{"line":87,"column":5}},"33":{"start":{"line":83,"column":6},"end":{"line":86,"column":9}},"34":{"start":{"line":89,"column":18},"end":{"line":89,"column":78}},"35":{"start":{"line":91,"column":4},"end":{"line":96,"column":5}},"36":{"start":{"line":92,"column":6},"end":{"line":95,"column":9}},"37":{"start":{"line":98,"column":4},"end":{"line":101,"column":7}},"38":{"start":{"line":104,"column":4},"end":{"line":108,"column":7}},"39":{"start":{"line":77,"column":13},"end":{"line":77,"column":24}},"40":{"start":{"line":112,"column":27},"end":{"line":144,"column":1}},"41":{"start":{"line":113,"column":2},"end":{"line":143,"column":3}},"42":{"start":{"line":114,"column":22},"end":{"line":117,"column":6}},"43":{"start":{"line":119,"column":18},"end":{"line":119,"column":47}},"44":{"start":{"line":121,"column":4},"end":{"line":121,"column":52}},"45":{"start":{"line":123,"column":4},"end":{"line":127,"column":7}},"46":{"start":{"line":131,"column":4},"end":{"line":137,"column":5}},"47":{"start":{"line":132,"column":6},"end":{"line":136,"column":9}},"48":{"start":{"line":138,"column":4},"end":{"line":142,"column":7}},"49":{"start":{"line":112,"column":13},"end":{"line":112,"column":27}},"50":{"start":{"line":146,"column":27},"end":{"line":205,"column":1}},"51":{"start":{"line":147,"column":2},"end":{"line":204,"column":3}},"52":{"start":{"line":148,"column":19},"end":{"line":148,"column":29}},"53":{"start":{"line":151,"column":4},"end":{"line":156,"column":5}},"54":{"start":{"line":152,"column":6},"end":{"line":155,"column":9}},"55":{"start":{"line":158,"column":18},"end":{"line":158,"column":42}},"56":{"start":{"line":160,"column":4},"end":{"line":165,"column":5}},"57":{"start":{"line":161,"column":6},"end":{"line":164,"column":9}},"58":{"start":{"line":168,"column":4},"end":{"line":176,"column":5}},"59":{"start":{"line":172,"column":6},"end":{"line":175,"column":9}},"60":{"start":{"line":178,"column":25},"end":{"line":182,"column":41}},"61":{"start":{"line":184,"column":4},"end":{"line":188,"column":7}},"62":{"start":{"line":192,"column":4},"end":{"line":198,"column":5}},"63":{"start":{"line":193,"column":6},"end":{"line":197,"column":9}},"64":{"start":{"line":199,"column":4},"end":{"line":203,"column":7}},"65":{"start":{"line":146,"column":13},"end":{"line":146,"column":27}},"66":{"start":{"line":207,"column":27},"end":{"line":252,"column":1}},"67":{"start":{"line":208,"column":2},"end":{"line":251,"column":3}},"68":{"start":{"line":209,"column":19},"end":{"line":209,"column":29}},"69":{"start":{"line":212,"column":4},"end":{"line":217,"column":5}},"70":{"start":{"line":213,"column":6},"end":{"line":216,"column":9}},"71":{"start":{"line":219,"column":18},"end":{"line":219,"column":42}},"72":{"start":{"line":221,"column":4},"end":{"line":226,"column":5}},"73":{"start":{"line":222,"column":6},"end":{"line":225,"column":9}},"74":{"start":{"line":229,"column":4},"end":{"line":237,"column":5}},"75":{"start":{"line":233,"column":6},"end":{"line":236,"column":9}},"76":{"start":{"line":239,"column":4},"end":{"line":239,"column":38}},"77":{"start":{"line":241,"column":4},"end":{"line":244,"column":7}},"78":{"start":{"line":246,"column":4},"end":{"line":250,"column":7}},"79":{"start":{"line":207,"column":13},"end":{"line":207,"column":27}},"80":{"start":{"line":254,"column":34},"end":{"line":269,"column":1}},"81":{"start":{"line":255,"column":2},"end":{"line":268,"column":3}},"82":{"start":{"line":256,"column":23},"end":{"line":256,"column":55}},"83":{"start":{"line":258,"column":4},"end":{"line":261,"column":7}},"84":{"start":{"line":263,"column":4},"end":{"line":267,"column":7}},"85":{"start":{"line":254,"column":13},"end":{"line":254,"column":34}},"86":{"start":{"line":271,"column":33},"end":{"line":286,"column":1}},"87":{"start":{"line":272,"column":2},"end":{"line":285,"column":3}},"88":{"start":{"line":273,"column":22},"end":{"line":273,"column":54}},"89":{"start":{"line":275,"column":4},"end":{"line":278,"column":7}},"90":{"start":{"line":280,"column":4},"end":{"line":284,"column":7}},"91":{"start":{"line":271,"column":13},"end":{"line":271,"column":33}}},"fnMap":{"0":{"name":"(anonymous_1)","decl":{"start":{"line":6,"column":25},"end":{"line":6,"column":30}},"loc":{"start":{"line":6,"column":63},"end":{"line":75,"column":1}}},"1":{"name":"(anonymous_2)","decl":{"start":{"line":77,"column":24},"end":{"line":77,"column":29}},"loc":{"start":{"line":77,"column":62},"end":{"line":110,"column":1}}},"2":{"name":"(anonymous_3)","decl":{"start":{"line":112,"column":27},"end":{"line":112,"column":32}},"loc":{"start":{"line":112,"column":69},"end":{"line":144,"column":1}}},"3":{"name":"(anonymous_4)","decl":{"start":{"line":146,"column":27},"end":{"line":146,"column":32}},"loc":{"start":{"line":146,"column":69},"end":{"line":205,"column":1}}},"4":{"name":"(anonymous_5)","decl":{"start":{"line":207,"column":27},"end":{"line":207,"column":32}},"loc":{"start":{"line":207,"column":69},"end":{"line":252,"column":1}}},"5":{"name":"(anonymous_6)","decl":{"start":{"line":254,"column":34},"end":{"line":254,"column":39}},"loc":{"start":{"line":254,"column":72},"end":{"line":269,"column":1}}},"6":{"name":"(anonymous_7)","decl":{"start":{"line":271,"column":33},"end":{"line":271,"column":38}},"loc":{"start":{"line":271,"column":71},"end":{"line":286,"column":1}}}},"branchMap":{"0":{"loc":{"start":{"line":9,"column":6},"end":{"line":9,"column":14}},"type":"default-arg","locations":[{"start":{"line":9,"column":13},"end":{"line":9,"column":14}}]},"1":{"loc":{"start":{"line":10,"column":6},"end":{"line":10,"column":16}},"type":"default-arg","locations":[{"start":{"line":10,"column":14},"end":{"line":10,"column":16}}]},"2":{"loc":{"start":{"line":16,"column":6},"end":{"line":16,"column":21}},"type":"default-arg","locations":[{"start":{"line":16,"column":15},"end":{"line":16,"column":21}}]},"3":{"loc":{"start":{"line":17,"column":6},"end":{"line":17,"column":23}},"type":"default-arg","locations":[{"start":{"line":17,"column":18},"end":{"line":17,"column":23}}]},"4":{"loc":{"start":{"line":23,"column":4},"end":{"line":23,"column":44}},"type":"if","locations":[{"start":{"line":23,"column":4},"end":{"line":23,"column":44}}]},"5":{"loc":{"start":{"line":24,"column":4},"end":{"line":24,"column":61}},"type":"if","locations":[{"start":{"line":24,"column":4},"end":{"line":24,"column":61}}]},"6":{"loc":{"start":{"line":25,"column":4},"end":{"line":30,"column":5}},"type":"if","locations":[{"start":{"line":25,"column":4},"end":{"line":30,"column":5}}]},"7":{"loc":{"start":{"line":31,"column":4},"end":{"line":34,"column":5}},"type":"if","locations":[{"start":{"line":31,"column":4},"end":{"line":34,"column":5}}]},"8":{"loc":{"start":{"line":35,"column":4},"end":{"line":37,"column":5}},"type":"if","locations":[{"start":{"line":35,"column":4},"end":{"line":37,"column":5}}]},"9":{"loc":{"start":{"line":41,"column":19},"end":{"line":41,"column":48}},"type":"cond-expr","locations":[{"start":{"line":41,"column":42},"end":{"line":41,"column":44}},{"start":{"line":41,"column":47},"end":{"line":41,"column":48}}]},"10":{"loc":{"start":{"line":72,"column":13},"end":{"line":72,"column":69}},"type":"cond-expr","locations":[{"start":{"line":72,"column":38},"end":{"line":72,"column":51}},{"start":{"line":72,"column":54},"end":{"line":72,"column":69}}]},"11":{"loc":{"start":{"line":82,"column":4},"end":{"line":87,"column":5}},"type":"if","locations":[{"start":{"line":82,"column":4},"end":{"line":87,"column":5}}]},"12":{"loc":{"start":{"line":91,"column":4},"end":{"line":96,"column":5}},"type":"if","locations":[{"start":{"line":91,"column":4},"end":{"line":96,"column":5}}]},"13":{"loc":{"start":{"line":107,"column":13},"end":{"line":107,"column":69}},"type":"cond-expr","locations":[{"start":{"line":107,"column":38},"end":{"line":107,"column":51}},{"start":{"line":107,"column":54},"end":{"line":107,"column":69}}]},"14":{"loc":{"start":{"line":131,"column":4},"end":{"line":137,"column":5}},"type":"if","locations":[{"start":{"line":131,"column":4},"end":{"line":137,"column":5}}]},"15":{"loc":{"start":{"line":141,"column":13},"end":{"line":141,"column":69}},"type":"cond-expr","locations":[{"start":{"line":141,"column":38},"end":{"line":141,"column":51}},{"start":{"line":141,"column":54},"end":{"line":141,"column":69}}]},"16":{"loc":{"start":{"line":151,"column":4},"end":{"line":156,"column":5}},"type":"if","locations":[{"start":{"line":151,"column":4},"end":{"line":156,"column":5}}]},"17":{"loc":{"start":{"line":160,"column":4},"end":{"line":165,"column":5}},"type":"if","locations":[{"start":{"line":160,"column":4},"end":{"line":165,"column":5}}]},"18":{"loc":{"start":{"line":168,"column":4},"end":{"line":176,"column":5}},"type":"if","locations":[{"start":{"line":168,"column":4},"end":{"line":176,"column":5}}]},"19":{"loc":{"start":{"line":169,"column":6},"end":{"line":170,"column":32}},"type":"binary-expr","locations":[{"start":{"line":169,"column":6},"end":{"line":169,"column":49}},{"start":{"line":170,"column":6},"end":{"line":170,"column":32}}]},"20":{"loc":{"start":{"line":192,"column":4},"end":{"line":198,"column":5}},"type":"if","locations":[{"start":{"line":192,"column":4},"end":{"line":198,"column":5}}]},"21":{"loc":{"start":{"line":202,"column":13},"end":{"line":202,"column":69}},"type":"cond-expr","locations":[{"start":{"line":202,"column":38},"end":{"line":202,"column":51}},{"start":{"line":202,"column":54},"end":{"line":202,"column":69}}]},"22":{"loc":{"start":{"line":212,"column":4},"end":{"line":217,"column":5}},"type":"if","locations":[{"start":{"line":212,"column":4},"end":{"line":217,"column":5}}]},"23":{"loc":{"start":{"line":221,"column":4},"end":{"line":226,"column":5}},"type":"if","locations":[{"start":{"line":221,"column":4},"end":{"line":226,"column":5}}]},"24":{"loc":{"start":{"line":229,"column":4},"end":{"line":237,"column":5}},"type":"if","locations":[{"start":{"line":229,"column":4},"end":{"line":237,"column":5}}]},"25":{"loc":{"start":{"line":230,"column":6},"end":{"line":231,"column":32}},"type":"binary-expr","locations":[{"start":{"line":230,"column":6},"end":{"line":230,"column":49}},{"start":{"line":231,"column":6},"end":{"line":231,"column":32}}]},"26":{"loc":{"start":{"line":249,"column":13},"end":{"line":249,"column":69}},"type":"cond-expr","locations":[{"start":{"line":249,"column":38},"end":{"line":249,"column":51}},{"start":{"line":249,"column":54},"end":{"line":249,"column":69}}]},"27":{"loc":{"start":{"line":266,"column":13},"end":{"line":266,"column":69}},"type":"cond-expr","locations":[{"start":{"line":266,"column":38},"end":{"line":266,"column":51}},{"start":{"line":266,"column":54},"end":{"line":266,"column":69}}]},"28":{"loc":{"start":{"line":283,"column":13},"end":{"line":283,"column":69}},"type":"cond-expr","locations":[{"start":{"line":283,"column":38},"end":{"line":283,"column":51}},{"start":{"line":283,"column":54},"end":{"line":283,"column":69}}]}},"s":{"0":2,"1":2,"2":2,"3":4,"4":4,"5":4,"6":4,"7":0,"8":4,"9":1,"10":4,"11":0,"12":0,"13":0,"14":0,"15":4,"16":0,"17":4,"18":1,"19":4,"20":4,"21":4,"22":4,"23":4,"24":4,"25":4,"26":4,"27":0,"28":2,"29":2,"30":3,"31":3,"32":3,"33":1,"34":2,"35":2,"36":1,"37":1,"38":0,"39":2,"40":2,"41":0,"42":0,"43":0,"44":0,"45":0,"46":0,"47":0,"48":0,"49":2,"50":2,"51":0,"52":0,"53":0,"54":0,"55":0,"56":0,"57":0,"58":0,"59":0,"60":0,"61":0,"62":0,"63":0,"64":0,"65":2,"66":2,"67":3,"68":3,"69":3,"70":1,"71":2,"72":2,"73":1,"74":1,"75":0,"76":1,"77":1,"78":0,"79":2,"80":2,"81":1,"82":1,"83":0,"84":1,"85":2,"86":2,"87":1,"88":1,"89":0,"90":1,"91":2},"f":{"0":4,"1":3,"2":0,"3":0,"4":3,"5":1,"6":1},"b":{"0":[4],"1":[4],"2":[3],"3":[3],"4":[0],"5":[1],"6":[0],"7":[0],"8":[1],"9":[0,4],"10":[0,0],"11":[1],"12":[1],"13":[0,0],"14":[0],"15":[0,0],"16":[0],"17":[0],"18":[0],"19":[0,0],"20":[0],"21":[0,0],"22":[1],"23":[1],"24":[0],"25":[1,0],"26":[0,0],"27":[1,0],"28":[1,0]}}
,"C:\\Users\\DELL\\Desktop\\Vasrefil-backend\\Event-Management-backend\\src\\middleware\\auth.ts": {"path":"C:\\Users\\DELL\\Desktop\\Vasrefil-backend\\Event-Management-backend\\src\\middleware\\auth.ts","statementMap":{"0":{"start":{"line":2,"column":0},"end":{"line":2,"column":31}},"1":{"start":{"line":4,"column":0},"end":{"line":4,"column":34}},"2":{"start":{"line":6,"column":28},"end":{"line":40,"column":1}},"3":{"start":{"line":7,"column":2},"end":{"line":39,"column":3}},"4":{"start":{"line":8,"column":18},"end":{"line":8,"column":69}},"5":{"start":{"line":10,"column":4},"end":{"line":15,"column":5}},"6":{"start":{"line":11,"column":6},"end":{"line":14,"column":9}},"7":{"start":{"line":17,"column":20},"end":{"line":17,"column":89}},"8":{"start":{"line":19,"column":17},"end":{"line":19,"column":68}},"9":{"start":{"line":20,"column":4},"end":{"line":25,"column":5}},"10":{"start":{"line":21,"column":6},"end":{"line":24,"column":9}},"11":{"start":{"line":27,"column":4},"end":{"line":31,"column":6}},"12":{"start":{"line":33,"column":4},"end":{"line":33,"column":11}},"13":{"start":{"line":35,"column":4},"end":{"line":38,"column":7}},"14":{"start":{"line":6,"column":13},"end":{"line":6,"column":28}},"15":{"start":{"line":42,"column":25},"end":{"line":60,"column":1}},"16":{"start":{"line":43,"column":2},"end":{"line":59,"column":4}},"17":{"start":{"line":44,"column":4},"end":{"line":49,"column":5}},"18":{"start":{"line":45,"column":6},"end":{"line":48,"column":9}},"19":{"start":{"line":51,"column":4},"end":{"line":56,"column":5}},"20":{"start":{"line":52,"column":6},"end":{"line":55,"column":9}},"21":{"start":{"line":58,"column":4},"end":{"line":58,"column":11}},"22":{"start":{"line":42,"column":13},"end":{"line":42,"column":25}}},"fnMap":{"0":{"name":"(anonymous_1)","decl":{"start":{"line":6,"column":28},"end":{"line":6,"column":33}},"loc":{"start":{"line":6,"column":90},"end":{"line":40,"column":1}}},"1":{"name":"(anonymous_2)","decl":{"start":{"line":42,"column":25},"end":{"line":42,"column":26}},"loc":{"start":{"line":42,"column":48},"end":{"line":60,"column":1}}},"2":{"name":"(anonymous_3)","decl":{"start":{"line":43,"column":9},"end":{"line":43,"column":10}},"loc":{"start":{"line":43,"column":65},"end":{"line":59,"column":3}}}},"branchMap":{"0":{"loc":{"start":{"line":10,"column":4},"end":{"line":15,"column":5}},"type":"if","locations":[{"start":{"line":10,"column":4},"end":{"line":15,"column":5}}]},"1":{"loc":{"start":{"line":17,"column":38},"end":{"line":17,"column":81}},"type":"binary-expr","locations":[{"start":{"line":17,"column":38},"end":{"line":17,"column":60}},{"start":{"line":17,"column":64},"end":{"line":17,"column":81}}]},"2":{"loc":{"start":{"line":20,"column":4},"end":{"line":25,"column":5}},"type":"if","locations":[{"start":{"line":20,"column":4},"end":{"line":25,"column":5}}]},"3":{"loc":{"start":{"line":44,"column":4},"end":{"line":49,"column":5}},"type":"if","locations":[{"start":{"line":44,"column":4},"end":{"line":49,"column":5}}]},"4":{"loc":{"start":{"line":51,"column":4},"end":{"line":56,"column":5}},"type":"if","locations":[{"start":{"line":51,"column":4},"end":{"line":56,"column":5}}]}},"s":{"0":3,"1":3,"2":3,"3":23,"4":23,"5":23,"6":3,"7":20,"8":20,"9":20,"10":0,"11":20,"12":20,"13":0,"14":3,"15":3,"16":18,"17":15,"18":1,"19":14,"20":4,"21":10,"22":3},"f":{"0":23,"1":18,"2":15},"b":{"0":[3],"1":[20,0],"2":[0],"3":[1],"4":[4]}}
,"C:\\Users\\DELL\\Desktop\\Vasrefil-backend\\Event-Management-backend\\src\\middleware\\errorHandler.ts": {"path":"C:\\Users\\DELL\\Desktop\\Vasrefil-backend\\Event-Management-backend\\src\\middleware\\errorHandler.ts","statementMap":{"0":{"start":{"line":10,"column":21},"end":{"line":46,"column":1}},"1":{"start":{"line":16,"column":14},"end":{"line":16,"column":24}},"2":{"start":{"line":17,"column":2},"end":{"line":17,"column":30}},"3":{"start":{"line":20,"column":2},"end":{"line":20,"column":21}},"4":{"start":{"line":23,"column":2},"end":{"line":26,"column":3}},"5":{"start":{"line":24,"column":20},"end":{"line":24,"column":40}},"6":{"start":{"line":25,"column":4},"end":{"line":25,"column":51}},"7":{"start":{"line":29,"column":2},"end":{"line":32,"column":3}},"8":{"start":{"line":30,"column":20},"end":{"line":30,"column":51}},"9":{"start":{"line":31,"column":4},"end":{"line":31,"column":51}},"10":{"start":{"line":35,"column":2},"end":{"line":40,"column":3}},"11":{"start":{"line":36,"column":20},"end":{"line":38,"column":17}},"12":{"start":{"line":37,"column":25},"end":{"line":37,"column":36}},"13":{"start":{"line":39,"column":4},"end":{"line":39,"column":51}},"14":{"start":{"line":42,"column":2},"end":{"line":45,"column":5}},"15":{"start":{"line":48,"column":0},"end":{"line":48,"column":28}}},"fnMap":{"0":{"name":"(anonymous_0)","decl":{"start":{"line":10,"column":21},"end":{"line":10,"column":null}},"loc":{"start":{"line":15,"column":4},"end":{"line":46,"column":1}}},"1":{"name":"(anonymous_1)","decl":{"start":{"line":37,"column":11},"end":{"line":37,"column":12}},"loc":{"start":{"line":37,"column":25},"end":{"line":37,"column":36}}}},"branchMap":{"0":{"loc":{"start":{"line":23,"column":2},"end":{"line":26,"column":3}},"type":"if","locations":[{"start":{"line":23,"column":2},"end":{"line":26,"column":3}}]},"1":{"loc":{"start":{"line":29,"column":2},"end":{"line":32,"column":3}},"type":"if","locations":[{"start":{"line":29,"column":2},"end":{"line":32,"column":3}}]},"2":{"loc":{"start":{"line":35,"column":2},"end":{"line":40,"column":3}},"type":"if","locations":[{"start":{"line":35,"column":2},"end":{"line":40,"column":3}}]},"3":{"loc":{"start":{"line":36,"column":34},"end":{"line":36,"column":50}},"type":"binary-expr","locations":[{"start":{"line":36,"column":34},"end":{"line":36,"column":44}},{"start":{"line":36,"column":48},"end":{"line":36,"column":50}}]},"4":{"loc":{"start":{"line":42,"column":13},"end":{"line":42,"column":36}},"type":"binary-expr","locations":[{"start":{"line":42,"column":13},"end":{"line":42,"column":29}},{"start":{"line":42,"column":33},"end":{"line":42,"column":36}}]},"5":{"loc":{"start":{"line":44,"column":13},"end":{"line":44,"column":44}},"type":"binary-expr","locations":[{"start":{"line":44,"column":13},"end":{"line":44,"column":26}},{"start":{"line":44,"column":30},"end":{"line":44,"column":44}}]}},"s":{"0":3,"1":6,"2":6,"3":6,"4":6,"5":1,"6":1,"7":6,"8":1,"9":1,"10":6,"11":1,"12":2,"13":1,"14":6,"15":3},"f":{"0":6,"1":2},"b":{"0":[1],"1":[1],"2":[1],"3":[1,0],"4":[6,2],"5":[6,1]}}
,"C:\\Users\\DELL\\Desktop\\Vasrefil-backend\\Event-Management-backend\\src\\middleware\\validation.ts": {"path":"C:\\Users\\DELL\\Desktop\\Vasrefil-backend\\Event-Management-backend\\src\\middleware\\validation.ts","statementMap":{"0":{"start":{"line":2,"column":0},"end":{"line":2,"column":22}},"1":{"start":{"line":4,"column":24},"end":{"line":18,"column":1}},"2":{"start":{"line":5,"column":2},"end":{"line":17,"column":4}},"3":{"start":{"line":6,"column":22},"end":{"line":6,"column":47}},"4":{"start":{"line":8,"column":4},"end":{"line":14,"column":5}},"5":{"start":{"line":9,"column":6},"end":{"line":13,"column":9}},"6":{"start":{"line":12,"column":46},"end":{"line":12,"column":60}},"7":{"start":{"line":16,"column":4},"end":{"line":16,"column":11}},"8":{"start":{"line":21,"column":13},"end":{"line":26,"column":3}},"9":{"start":{"line":28,"column":13},"end":{"line":32,"column":3}},"10":{"start":{"line":34,"column":13},"end":{"line":62,"column":3}},"11":{"start":{"line":70,"column":13},"end":{"line":118,"column":3}},"12":{"start":{"line":120,"column":13},"end":{"line":120,"column":64}},"13":{"start":{"line":121,"column":13},"end":{"line":121,"column":58}},"14":{"start":{"line":122,"column":13},"end":{"line":122,"column":58}},"15":{"start":{"line":123,"column":13},"end":{"line":123,"column":62}}},"fnMap":{"0":{"name":"(anonymous_1)","decl":{"start":{"line":4,"column":24},"end":{"line":4,"column":25}},"loc":{"start":{"line":4,"column":53},"end":{"line":18,"column":1}}},"1":{"name":"(anonymous_2)","decl":{"start":{"line":5,"column":9},"end":{"line":5,"column":10}},"loc":{"start":{"line":5,"column":61},"end":{"line":17,"column":3}}},"2":{"name":"(anonymous_3)","decl":{"start":{"line":12,"column":34},"end":{"line":12,"column":35}},"loc":{"start":{"line":12,"column":46},"end":{"line":12,"column":60}}}},"branchMap":{"0":{"loc":{"start":{"line":8,"column":4},"end":{"line":14,"column":5}},"type":"if","locations":[{"start":{"line":8,"column":4},"end":{"line":14,"column":5}}]}},"s":{"0":2,"1":2,"2":8,"3":6,"4":6,"5":3,"6":3,"7":3,"8":2,"9":2,"10":2,"11":2,"12":2,"13":2,"14":2,"15":2},"f":{"0":8,"1":6,"2":3},"b":{"0":[3]}}
,"C:\\Users\\DELL\\Desktop\\Vasrefil-backend\\Event-Management-backend\\src\\models\\Booking.ts": {"path":"C:\\Users\\DELL\\Desktop\\Vasrefil-backend\\Event-Management-backend\\src\\models\\Booking.ts","statementMap":{"0":{"start":{"line":1,"column":0},"end":{"line":1,"column":61}},"1":{"start":{"line":32,"column":22},"end":{"line":136,"column":null}},"2":{"start":{"line":78,"column":36},"end":{"line":78,"column":58}},"3":{"start":{"line":86,"column":36},"end":{"line":86,"column":65}},"4":{"start":{"line":98,"column":36},"end":{"line":98,"column":65}},"5":{"start":{"line":140,"column":0},"end":{"line":140,"column":43}},"6":{"start":{"line":141,"column":0},"end":{"line":141,"column":35}},"7":{"start":{"line":142,"column":0},"end":{"line":142,"column":39}},"8":{"start":{"line":145,"column":0},"end":{"line":150,"column":3}},"9":{"start":{"line":153,"column":0},"end":{"line":158,"column":3}},"10":{"start":{"line":161,"column":0},"end":{"line":166,"column":3}},"11":{"start":{"line":162,"column":2},"end":{"line":164,"column":3}},"12":{"start":{"line":163,"column":4},"end":{"line":163,"column":34}},"13":{"start":{"line":165,"column":2},"end":{"line":165,"column":9}},"14":{"start":{"line":169,"column":16},"end":{"line":169,"column":66}},"15":{"start":{"line":170,"column":0},"end":{"line":170,"column":23}}},"fnMap":{"0":{"name":"(anonymous_9)","decl":{"start":{"line":78,"column":21},"end":{"line":78,"column":22}},"loc":{"start":{"line":78,"column":36},"end":{"line":78,"column":58}}},"1":{"name":"(anonymous_10)","decl":{"start":{"line":86,"column":21},"end":{"line":86,"column":22}},"loc":{"start":{"line":86,"column":36},"end":{"line":86,"column":65}}},"2":{"name":"(anonymous_11)","decl":{"start":{"line":98,"column":21},"end":{"line":98,"column":22}},"loc":{"start":{"line":98,"column":36},"end":{"line":98,"column":65}}},"3":{"name":"(anonymous_12)","decl":{"start":{"line":161,"column":26},"end":{"line":161,"column":36}},"loc":{"start":{"line":161,"column":40},"end":{"line":166,"column":1}}}},"branchMap":{"0":{"loc":{"start":{"line":162,"column":2},"end":{"line":164,"column":3}},"type":"if","locations":[{"start":{"line":162,"column":2},"end":{"line":164,"column":3}}]}},"s":{"0":3,"1":3,"2":15,"3":15,"4":15,"5":3,"6":3,"7":3,"8":3,"9":3,"10":3,"11":15,"12":14,"13":15,"14":3,"15":3},"f":{"0":15,"1":15,"2":15,"3":15},"b":{"0":[14]}}
,"C:\\Users\\DELL\\Desktop\\Vasrefil-backend\\Event-Management-backend\\src\\models\\Event.ts": {"path":"C:\\Users\\DELL\\Desktop\\Vasrefil-backend\\Event-Management-backend\\src\\models\\Event.ts","statementMap":{"0":{"start":{"line":1,"column":0},"end":{"line":1,"column":44}},"1":{"start":{"line":4,"column":20},"end":{"line":96,"column":null}},"2":{"start":{"line":59,"column":10},"end":{"line":59,"column":35}},"3":{"start":{"line":100,"column":0},"end":{"line":100,"column":57}},"4":{"start":{"line":101,"column":0},"end":{"line":101,"column":58}},"5":{"start":{"line":104,"column":0},"end":{"line":109,"column":3}},"6":{"start":{"line":105,"column":2},"end":{"line":107,"column":3}},"7":{"start":{"line":106,"column":4},"end":{"line":106,"column":42}},"8":{"start":{"line":108,"column":2},"end":{"line":108,"column":9}},"9":{"start":{"line":111,"column":0},"end":{"line":111,"column":60}}},"fnMap":{"0":{"name":"(anonymous_9)","decl":{"start":{"line":58,"column":19},"end":{"line":58,"column":29}},"loc":{"start":{"line":58,"column":39},"end":{"line":60,"column":9}}},"1":{"name":"(anonymous_10)","decl":{"start":{"line":104,"column":24},"end":{"line":104,"column":34}},"loc":{"start":{"line":104,"column":38},"end":{"line":109,"column":1}}}},"branchMap":{"0":{"loc":{"start":{"line":105,"column":2},"end":{"line":107,"column":3}},"type":"if","locations":[{"start":{"line":105,"column":2},"end":{"line":107,"column":3}}]},"1":{"loc":{"start":{"line":105,"column":6},"end":{"line":105,"column":53}},"type":"binary-expr","locations":[{"start":{"line":105,"column":6},"end":{"line":105,"column":16}},{"start":{"line":105,"column":20},"end":{"line":105,"column":53}}]}},"s":{"0":3,"1":3,"2":27,"3":3,"4":3,"5":3,"6":14,"7":0,"8":14,"9":3},"f":{"0":27,"1":14},"b":{"0":[0],"1":[14,11]}}
,"C:\\Users\\DELL\\Desktop\\Vasrefil-backend\\Event-Management-backend\\src\\models\\User.ts": {"path":"C:\\Users\\DELL\\Desktop\\Vasrefil-backend\\Event-Management-backend\\src\\models\\User.ts","statementMap":{"0":{"start":{"line":1,"column":0},"end":{"line":1,"column":44}},"1":{"start":{"line":2,"column":0},"end":{"line":2,"column":30}},"2":{"start":{"line":5,"column":19},"end":{"line":33,"column":2}},"3":{"start":{"line":36,"column":0},"end":{"line":46,"column":3}},"4":{"start":{"line":37,"column":2},"end":{"line":37,"column":50}},"5":{"start":{"line":37,"column":36},"end":{"line":37,"column":50}},"6":{"start":{"line":39,"column":2},"end":{"line":45,"column":3}},"7":{"start":{"line":40,"column":17},"end":{"line":40,"column":41}},"8":{"start":{"line":41,"column":4},"end":{"line":41,"column":59}},"9":{"start":{"line":42,"column":4},"end":{"line":42,"column":11}},"10":{"start":{"line":44,"column":4},"end":{"line":44,"column":25}},"11":{"start":{"line":49,"column":0},"end":{"line":51,"column":2}},"12":{"start":{"line":50,"column":2},"end":{"line":50,"column":58}},"13":{"start":{"line":54,"column":0},"end":{"line":58,"column":2}},"14":{"start":{"line":55,"column":21},"end":{"line":55,"column":36}},"15":{"start":{"line":56,"column":2},"end":{"line":56,"column":29}},"16":{"start":{"line":57,"column":2},"end":{"line":57,"column":20}},"17":{"start":{"line":60,"column":0},"end":{"line":60,"column":57}}},"fnMap":{"0":{"name":"(anonymous_10)","decl":{"start":{"line":36,"column":23},"end":{"line":36,"column":28}},"loc":{"start":{"line":36,"column":42},"end":{"line":46,"column":1}}},"1":{"name":"(anonymous_11)","decl":{"start":{"line":49,"column":37},"end":{"line":49,"column":42}},"loc":{"start":{"line":49,"column":77},"end":{"line":51,"column":1}}},"2":{"name":"(anonymous_12)","decl":{"start":{"line":54,"column":28},"end":{"line":54,"column":null}},"loc":{"start":{"line":54,"column":28},"end":{"line":58,"column":1}}}},"branchMap":{"0":{"loc":{"start":{"line":37,"column":2},"end":{"line":37,"column":50}},"type":"if","locations":[{"start":{"line":37,"column":2},"end":{"line":37,"column":50}}]}},"s":{"0":4,"1":4,"2":4,"3":4,"4":6,"5":0,"6":6,"7":6,"8":6,"9":6,"10":0,"11":4,"12":0,"13":4,"14":4,"15":4,"16":4,"17":4},"f":{"0":6,"1":0,"2":4},"b":{"0":[0]}}
,"C:\\Users\\DELL\\Desktop\\Vasrefil-backend\\Event-Management-backend\\src\\routes\\auth.ts": {"path":"C:\\Users\\DELL\\Desktop\\Vasrefil-backend\\Event-Management-backend\\src\\routes\\auth.ts","statementMap":{"0":{"start":{"line":1,"column":0},"end":{"line":1,"column":33}},"1":{"start":{"line":2,"column":0},"end":{"line":2,"column":null}},"2":{"start":{"line":9,"column":0},"end":{"line":9,"column":50}},"3":{"start":{"line":10,"column":0},"end":{"line":10,"column":75}},"4":{"start":{"line":12,"column":15},"end":{"line":12,"column":23}},"5":{"start":{"line":14,"column":0},"end":{"line":14,"column":53}},"6":{"start":{"line":15,"column":0},"end":{"line":15,"column":64}},"7":{"start":{"line":16,"column":0},"end":{"line":16,"column":55}},"8":{"start":{"line":17,"column":0},"end":{"line":17,"column":44}},"9":{"start":{"line":18,"column":0},"end":{"line":18,"column":49}},"10":{"start":{"line":20,"column":0},"end":{"line":20,"column":22}}},"fnMap":{},"branchMap":{},"s":{"0":2,"1":2,"2":2,"3":2,"4":2,"5":2,"6":2,"7":2,"8":2,"9":2,"10":2},"f":{},"b":{}}
,"C:\\Users\\DELL\\Desktop\\Vasrefil-backend\\Event-Management-backend\\src\\routes\\bookings.ts": {"path":"C:\\Users\\DELL\\Desktop\\Vasrefil-backend\\Event-Management-backend\\src\\routes\\bookings.ts","statementMap":{"0":{"start":{"line":1,"column":0},"end":{"line":1,"column":33}},"1":{"start":{"line":2,"column":0},"end":{"line":2,"column":null}},"2":{"start":{"line":10,"column":0},"end":{"line":10,"column":61}},"3":{"start":{"line":11,"column":0},"end":{"line":11,"column":59}},"4":{"start":{"line":13,"column":15},"end":{"line":13,"column":23}},"5":{"start":{"line":16,"column":0},"end":{"line":16,"column":63}},"6":{"start":{"line":17,"column":0},"end":{"line":17,"column":51}},"7":{"start":{"line":18,"column":0},"end":{"line":18,"column":49}},"8":{"start":{"line":19,"column":0},"end":{"line":19,"column":57}},"9":{"start":{"line":22,"column":0},"end":{"line":22,"column":75}},"10":{"start":{"line":23,"column":0},"end":{"line":28,"column":2}},"11":{"start":{"line":30,"column":0},"end":{"line":30,"column":22}}},"fnMap":{},"branchMap":{},"s":{"0":2,"1":2,"2":2,"3":2,"4":2,"5":2,"6":2,"7":2,"8":2,"9":2,"10":2,"11":2},"f":{},"b":{}}
,"C:\\Users\\DELL\\Desktop\\Vasrefil-backend\\Event-Management-backend\\src\\routes\\dashboard.ts": {"path":"C:\\Users\\DELL\\Desktop\\Vasrefil-backend\\Event-Management-backend\\src\\routes\\dashboard.ts","statementMap":{"0":{"start":{"line":1,"column":0},"end":{"line":1,"column":33}},"1":{"start":{"line":2,"column":0},"end":{"line":2,"column":88}},"2":{"start":{"line":3,"column":0},"end":{"line":3,"column":61}},"3":{"start":{"line":5,"column":15},"end":{"line":5,"column":23}},"4":{"start":{"line":7,"column":0},"end":{"line":7,"column":74}},"5":{"start":{"line":8,"column":0},"end":{"line":8,"column":74}},"6":{"start":{"line":10,"column":0},"end":{"line":10,"column":22}}},"fnMap":{},"branchMap":{},"s":{"0":2,"1":2,"2":2,"3":2,"4":2,"5":2,"6":2},"f":{},"b":{}}
,"C:\\Users\\DELL\\Desktop\\Vasrefil-backend\\Event-Management-backend\\src\\routes\\events.ts": {"path":"C:\\Users\\DELL\\Desktop\\Vasrefil-backend\\Event-Management-backend\\src\\routes\\events.ts","statementMap":{"0":{"start":{"line":1,"column":0},"end":{"line":1,"column":33}},"1":{"start":{"line":2,"column":0},"end":{"line":2,"column":null}},"2":{"start":{"line":11,"column":0},"end":{"line":11,"column":61}},"3":{"start":{"line":12,"column":0},"end":{"line":12,"column":57}},"4":{"start":{"line":14,"column":15},"end":{"line":14,"column":23}},"5":{"start":{"line":17,"column":0},"end":{"line":17,"column":27}},"6":{"start":{"line":18,"column":0},"end":{"line":18,"column":46}},"7":{"start":{"line":19,"column":0},"end":{"line":19,"column":44}},"8":{"start":{"line":20,"column":0},"end":{"line":20,"column":29}},"9":{"start":{"line":23,"column":0},"end":{"line":23,"column":79}},"10":{"start":{"line":24,"column":0},"end":{"line":24,"column":81}},"11":{"start":{"line":25,"column":0},"end":{"line":25,"column":69}},"12":{"start":{"line":27,"column":0},"end":{"line":27,"column":22}}},"fnMap":{},"branchMap":{},"s":{"0":2,"1":2,"2":2,"3":2,"4":2,"5":2,"6":2,"7":2,"8":2,"9":2,"10":2,"11":2,"12":2},"f":{},"b":{}}
,"C:\\Users\\DELL\\Desktop\\Vasrefil-backend\\Event-Management-backend\\src\\routes\\index.ts": {"path":"C:\\Users\\DELL\\Desktop\\Vasrefil-backend\\Event-Management-backend\\src\\routes\\index.ts","statementMap":{"0":{"start":{"line":1,"column":0},"end":{"line":1,"column":33}},"1":{"start":{"line":2,"column":0},"end":{"line":2,"column":32}},"2":{"start":{"line":3,"column":0},"end":{"line":3,"column":35}},"3":{"start":{"line":4,"column":0},"end":{"line":4,"column":39}},"4":{"start":{"line":5,"column":0},"end":{"line":5,"column":42}},"5":{"start":{"line":7,"column":15},"end":{"line":7,"column":23}},"6":{"start":{"line":9,"column":0},"end":{"line":9,"column":32}},"7":{"start":{"line":10,"column":0},"end":{"line":10,"column":35}},"8":{"start":{"line":11,"column":0},"end":{"line":11,"column":39}},"9":{"start":{"line":12,"column":0},"end":{"line":12,"column":42}},"10":{"start":{"line":15,"column":0},"end":{"line":21,"column":3}},"11":{"start":{"line":16,"column":2},"end":{"line":20,"column":5}},"12":{"start":{"line":23,"column":0},"end":{"line":23,"column":22}}},"fnMap":{"0":{"name":"(anonymous_1)","decl":{"start":{"line":15,"column":22},"end":{"line":15,"column":23}},"loc":{"start":{"line":15,"column":35},"end":{"line":21,"column":1}}}},"branchMap":{},"s":{"0":2,"1":2,"2":2,"3":2,"4":2,"5":2,"6":2,"7":2,"8":2,"9":2,"10":2,"11":0,"12":2},"f":{"0":0},"b":{}}
}
