TN:
SF:src\app.ts
FN:38,(anonymous_1)
FNF:1
FNH:0
FNDA:0,(anonymous_1)
DA:1,3
DA:2,3
DA:3,3
DA:4,3
DA:5,3
DA:6,3
DA:8,3
DA:11,3
DA:12,3
DA:20,3
DA:28,3
DA:31,3
DA:32,3
DA:35,3
DA:38,3
DA:39,0
DA:46,3
DA:48,3
LF:18
LH:17
BRDA:14,0,0,3
BRDA:14,0,1,3
BRF:2
BRH:2
end_of_record
TN:
SF:src\controllers\authController.ts
FN:6,(anonymous_1)
FN:14,(anonymous_2)
FN:59,(anonymous_3)
FN:104,(anonymous_4)
FN:158,(anonymous_5)
FN:207,(anonymous_6)
FNF:6
FNH:2
FNDA:1,(anonymous_1)
FNDA:3,(anonymous_2)
FNDA:0,(anonymous_3)
FNDA:0,(anonymous_4)
FNDA:0,(anonymous_5)
FNDA:0,(anonymous_6)
DA:2,4
DA:3,4
DA:6,4
DA:7,1
DA:8,1
DA:11,1
DA:14,4
DA:15,3
DA:16,3
DA:19,3
DA:20,2
DA:21,1
DA:28,1
DA:35,1
DA:37,1
DA:51,1
DA:59,4
DA:60,0
DA:61,0
DA:64,0
DA:65,0
DA:66,0
DA:73,0
DA:74,0
DA:75,0
DA:81,0
DA:83,0
DA:97,0
DA:104,4
DA:105,0
DA:106,0
DA:109,0
DA:110,0
DA:111,0
DA:118,0
DA:119,0
DA:126,0
DA:127,0
DA:128,0
DA:134,0
DA:136,0
DA:150,0
DA:158,4
DA:159,0
DA:160,0
DA:163,0
DA:164,0
DA:165,0
DA:172,0
DA:180,0
DA:183,0
DA:185,0
DA:198,0
DA:199,0
DA:207,4
DA:208,0
DA:209,0
DA:211,0
DA:212,0
DA:218,0
DA:231,0
LF:61
LH:20
BRDA:7,0,0,1
BRDA:7,0,1,1
BRDA:9,1,0,1
BRDA:9,1,1,1
BRDA:20,2,0,1
BRDA:32,3,0,1
BRDA:32,3,1,0
BRDA:54,4,0,1
BRDA:54,4,1,0
BRDA:65,5,0,0
BRDA:74,6,0,0
BRDA:100,7,0,0
BRDA:100,7,1,0
BRDA:110,8,0,0
BRDA:118,9,0,0
BRDA:127,10,0,0
BRDA:153,11,0,0
BRDA:153,11,1,0
BRDA:164,12,0,0
BRDA:202,13,0,0
BRDA:202,13,1,0
BRDA:211,14,0,0
BRDA:234,15,0,0
BRDA:234,15,1,0
BRF:24
BRH:7
end_of_record
TN:
SF:src\controllers\bookingController.ts
FN:9,(anonymous_1)
FN:15,(anonymous_2)
FN:32,(anonymous_3)
FN:153,(anonymous_4)
FN:236,(anonymous_5)
FN:278,(anonymous_6)
FN:307,(anonymous_7)
FN:352,(anonymous_8)
FNF:8
FNH:8
FNDA:2,(anonymous_1)
FNDA:2,(anonymous_2)
FNDA:3,(anonymous_3)
FNDA:3,(anonymous_4)
FNDA:2,(anonymous_5)
FNDA:1,(anonymous_6)
FNDA:1,(anonymous_7)
FNDA:1,(anonymous_8)
DA:2,3
DA:3,3
DA:4,3
DA:6,3
DA:9,3
DA:10,2
DA:12,2
DA:15,2
DA:18,2
DA:25,0
DA:32,3
DA:33,3
DA:39,3
DA:40,3
DA:43,3
DA:44,0
DA:50,3
DA:53,3
DA:54,3
DA:55,0
DA:62,3
DA:63,0
DA:70,3
DA:76,3
DA:77,1
DA:84,2
DA:85,0
DA:92,2
DA:95,2
DA:97,2
DA:98,0
DA:106,2
DA:118,2
DA:121,2
DA:122,2
DA:125,2
DA:130,2
DA:143,0
DA:153,3
DA:154,3
DA:155,3
DA:156,3
DA:159,3
DA:161,3
DA:162,2
DA:169,1
DA:170,0
DA:177,1
DA:178,1
DA:179,0
DA:186,1
DA:187,1
DA:189,1
DA:191,1
DA:192,0
DA:199,1
DA:200,1
DA:203,1
DA:204,1
DA:207,1
DA:208,0
DA:209,0
DA:211,0
DA:216,0
DA:221,1
DA:227,0
DA:236,3
DA:237,2
DA:238,2
DA:239,2
DA:241,2
DA:242,2
DA:244,2
DA:245,2
DA:246,2
DA:248,2
DA:255,2
DA:257,2
DA:270,0
DA:278,3
DA:279,1
DA:280,1
DA:281,1
DA:283,1
DA:287,1
DA:288,0
DA:294,1
DA:299,0
DA:307,3
DA:308,1
DA:309,1
DA:312,1
DA:313,1
DA:314,1
DA:315,1
DA:317,1
DA:318,1
DA:319,1
DA:321,1
DA:329,1
DA:331,1
DA:344,0
DA:352,3
DA:353,1
DA:354,1
DA:355,1
DA:358,1
DA:359,1
DA:360,0
DA:367,1
DA:368,1
DA:370,1
DA:371,1
DA:372,1
DA:374,1
DA:381,1
DA:384,1
DA:396,1
DA:417,0
LF:119
LH:98
BRDA:27,0,0,0
BRDA:27,0,1,0
BRDA:43,1,0,0
BRDA:54,2,0,0
BRDA:62,3,0,0
BRDA:76,4,0,1
BRDA:84,5,0,0
BRDA:97,6,0,0
BRDA:146,7,0,0
BRDA:146,7,1,0
BRDA:161,8,0,2
BRDA:169,9,0,0
BRDA:178,10,0,0
BRDA:191,11,0,0
BRDA:207,12,0,0
BRDA:230,13,0,0
BRDA:230,13,1,0
BRDA:239,14,0,2
BRDA:239,15,0,2
BRDA:242,16,0,1
BRDA:273,17,0,0
BRDA:273,17,1,0
BRDA:287,18,0,0
BRDA:302,19,0,0
BRDA:302,19,1,0
BRDA:309,20,0,1
BRDA:309,21,0,1
BRDA:313,22,0,0
BRDA:314,23,0,0
BRDA:315,24,0,0
BRDA:347,25,0,0
BRDA:347,25,1,0
BRDA:355,26,0,1
BRDA:355,27,0,1
BRDA:359,28,0,0
BRDA:368,29,0,0
BRDA:420,30,0,0
BRDA:420,30,1,0
BRF:38
BRH:9
end_of_record
TN:
SF:src\controllers\dashboardController.ts
FN:8,(anonymous_1)
FN:169,(anonymous_2)
FNF:2
FNH:1
FNDA:1,(anonymous_1)
FNDA:0,(anonymous_2)
DA:3,3
DA:4,3
DA:5,3
DA:8,3
DA:9,1
DA:12,1
DA:23,1
DA:24,1
DA:26,1
DA:50,1
DA:85,1
DA:128,1
DA:136,1
DA:144,1
DA:161,0
DA:169,3
DA:170,0
DA:171,0
DA:176,0
DA:178,0
DA:179,0
DA:180,0
DA:185,0
DA:187,0
DA:188,0
DA:189,0
DA:193,0
DA:195,0
DA:196,0
DA:197,0
DA:204,0
DA:224,0
DA:229,0
LF:33
LH:15
BRDA:151,0,0,1
BRDA:151,0,1,1
BRDA:164,1,0,0
BRDA:164,1,1,0
BRDA:171,2,0,0
BRDA:176,3,0,0
BRDA:176,3,1,0
BRDA:176,3,2,0
BRDA:232,4,0,0
BRDA:232,4,1,0
BRF:10
BRH:2
end_of_record
TN:
SF:src\controllers\eventController.ts
FN:6,(anonymous_1)
FN:77,(anonymous_2)
FN:112,(anonymous_3)
FN:146,(anonymous_4)
FN:207,(anonymous_5)
FN:254,(anonymous_6)
FN:271,(anonymous_7)
FNF:7
FNH:3
FNDA:4,(anonymous_1)
FNDA:3,(anonymous_2)
FNDA:0,(anonymous_3)
FNDA:0,(anonymous_4)
FNDA:2,(anonymous_5)
FNDA:0,(anonymous_6)
FNDA:0,(anonymous_7)
DA:2,3
DA:4,3
DA:6,3
DA:7,4
DA:18,4
DA:21,4
DA:23,4
DA:24,4
DA:25,4
DA:26,0
DA:27,0
DA:28,0
DA:29,0
DA:31,4
DA:33,0
DA:35,4
DA:36,1
DA:40,4
DA:41,4
DA:43,4
DA:44,4
DA:45,4
DA:47,4
DA:54,4
DA:56,4
DA:69,0
DA:77,3
DA:78,3
DA:79,3
DA:82,3
DA:83,1
DA:89,2
DA:91,2
DA:92,1
DA:98,1
DA:104,0
DA:112,3
DA:113,0
DA:114,0
DA:119,0
DA:121,0
DA:123,0
DA:131,0
DA:132,0
DA:138,0
DA:146,3
DA:147,0
DA:148,0
DA:151,0
DA:152,0
DA:158,0
DA:160,0
DA:161,0
DA:168,0
DA:172,0
DA:178,0
DA:184,0
DA:192,0
DA:193,0
DA:199,0
DA:207,3
DA:208,2
DA:209,2
DA:212,2
DA:213,0
DA:219,2
DA:221,2
DA:222,1
DA:229,1
DA:233,0
DA:239,1
DA:241,1
DA:246,0
DA:254,3
DA:255,0
DA:256,0
DA:258,0
DA:263,0
DA:271,3
DA:272,0
DA:273,0
DA:275,0
DA:280,0
LF:83
LH:43
BRDA:9,0,0,4
BRDA:10,1,0,4
BRDA:16,2,0,3
BRDA:17,3,0,3
BRDA:23,4,0,1
BRDA:24,5,0,0
BRDA:25,6,0,0
BRDA:31,7,0,0
BRDA:35,8,0,1
BRDA:41,9,0,0
BRDA:41,9,1,4
BRDA:72,10,0,0
BRDA:72,10,1,0
BRDA:82,11,0,1
BRDA:91,12,0,1
BRDA:107,13,0,0
BRDA:107,13,1,0
BRDA:131,14,0,0
BRDA:141,15,0,0
BRDA:141,15,1,0
BRDA:151,16,0,0
BRDA:160,17,0,0
BRDA:168,18,0,0
BRDA:169,19,0,0
BRDA:169,19,1,0
BRDA:192,20,0,0
BRDA:202,21,0,0
BRDA:202,21,1,0
BRDA:212,22,0,0
BRDA:221,23,0,1
BRDA:229,24,0,0
BRDA:230,25,0,1
BRDA:230,25,1,0
BRDA:249,26,0,0
BRDA:249,26,1,0
BRDA:266,27,0,0
BRDA:266,27,1,0
BRDA:283,28,0,0
BRDA:283,28,1,0
BRF:39
BRH:11
end_of_record
TN:
SF:src\middleware\auth.ts
FN:6,(anonymous_1)
FN:42,(anonymous_2)
FN:43,(anonymous_3)
FNF:3
FNH:3
FNDA:21,(anonymous_1)
FNDA:21,(anonymous_2)
FNDA:9,(anonymous_3)
DA:2,3
DA:4,3
DA:6,3
DA:7,21
DA:8,21
DA:10,21
DA:11,3
DA:17,18
DA:19,18
DA:20,18
DA:21,0
DA:27,18
DA:33,18
DA:35,0
DA:42,3
DA:43,21
DA:44,9
DA:45,0
DA:51,9
DA:52,2
DA:58,7
LF:21
LH:18
BRDA:10,0,0,3
BRDA:17,1,0,18
BRDA:17,1,1,0
BRDA:20,2,0,0
BRDA:44,3,0,0
BRDA:51,4,0,2
BRF:6
BRH:3
end_of_record
TN:
SF:src\middleware\errorHandler.ts
FN:10,(anonymous_0)
FN:37,(anonymous_1)
FNF:2
FNH:0
FNDA:0,(anonymous_0)
FNDA:0,(anonymous_1)
DA:10,3
DA:16,0
DA:17,0
DA:20,0
DA:23,0
DA:24,0
DA:25,0
DA:29,0
DA:30,0
DA:31,0
DA:35,0
DA:36,0
DA:37,0
DA:39,0
DA:42,0
DA:48,3
LF:16
LH:2
BRDA:23,0,0,0
BRDA:29,1,0,0
BRDA:35,2,0,0
BRDA:36,3,0,0
BRDA:36,3,1,0
BRDA:42,4,0,0
BRDA:42,4,1,0
BRDA:44,5,0,0
BRDA:44,5,1,0
BRF:9
BRH:0
end_of_record
TN:
SF:src\middleware\validation.ts
FN:4,(anonymous_1)
FN:5,(anonymous_2)
FN:12,(anonymous_3)
FNF:3
FNH:3
FNDA:12,(anonymous_1)
FNDA:5,(anonymous_2)
FNDA:2,(anonymous_3)
DA:2,3
DA:4,3
DA:5,12
DA:6,5
DA:8,5
DA:9,2
DA:12,2
DA:16,3
DA:21,3
DA:28,3
DA:34,3
DA:70,3
DA:120,3
DA:121,3
DA:122,3
DA:123,3
LF:16
LH:16
BRDA:8,0,0,2
BRF:1
BRH:1
end_of_record
TN:
SF:src\models\Booking.ts
FN:78,(anonymous_9)
FN:86,(anonymous_10)
FN:98,(anonymous_11)
FN:161,(anonymous_12)
FNF:4
FNH:4
FNDA:18,(anonymous_9)
FNDA:18,(anonymous_10)
FNDA:18,(anonymous_11)
FNDA:18,(anonymous_12)
DA:1,3
DA:32,3
DA:78,18
DA:86,18
DA:98,18
DA:140,3
DA:141,3
DA:142,3
DA:145,3
DA:153,3
DA:161,3
DA:162,18
DA:163,17
DA:165,18
DA:169,3
DA:170,3
LF:16
LH:16
BRDA:162,0,0,17
BRF:1
BRH:1
end_of_record
TN:
SF:src\models\Event.ts
FN:58,(anonymous_9)
FN:104,(anonymous_10)
FNF:2
FNH:2
FNDA:11,(anonymous_9)
FNDA:11,(anonymous_10)
DA:1,3
DA:4,3
DA:59,11
DA:100,3
DA:101,3
DA:104,3
DA:105,11
DA:106,4
DA:108,11
DA:111,3
LF:10
LH:10
BRDA:105,0,0,4
BRDA:105,1,0,11
BRDA:105,1,1,8
BRF:3
BRH:3
end_of_record
TN:
SF:src\models\User.ts
FN:36,(anonymous_10)
FN:49,(anonymous_11)
FN:54,(anonymous_12)
FNF:3
FNH:2
FNDA:7,(anonymous_10)
FNDA:0,(anonymous_11)
FNDA:4,(anonymous_12)
DA:1,4
DA:2,4
DA:5,4
DA:36,4
DA:37,7
DA:39,7
DA:40,7
DA:41,7
DA:42,7
DA:44,0
DA:49,4
DA:50,0
DA:54,4
DA:55,4
DA:56,4
DA:57,4
DA:60,4
LF:17
LH:15
BRDA:37,0,0,0
BRF:1
BRH:0
end_of_record
TN:
SF:src\routes\auth.ts
FNF:0
FNH:0
DA:1,3
DA:2,3
DA:9,3
DA:10,3
DA:12,3
DA:14,3
DA:15,3
DA:16,3
DA:17,3
DA:18,3
DA:20,3
LF:11
LH:11
BRF:0
BRH:0
end_of_record
TN:
SF:src\routes\bookings.ts
FNF:0
FNH:0
DA:1,3
DA:2,3
DA:10,3
DA:11,3
DA:13,3
DA:16,3
DA:17,3
DA:18,3
DA:19,3
DA:22,3
DA:23,3
DA:30,3
LF:12
LH:12
BRF:0
BRH:0
end_of_record
TN:
SF:src\routes\dashboard.ts
FNF:0
FNH:0
DA:1,3
DA:2,3
DA:3,3
DA:5,3
DA:7,3
DA:8,3
DA:10,3
LF:7
LH:7
BRF:0
BRH:0
end_of_record
TN:
SF:src\routes\events.ts
FNF:0
FNH:0
DA:1,3
DA:2,3
DA:11,3
DA:12,3
DA:14,3
DA:17,3
DA:18,3
DA:19,3
DA:20,3
DA:23,3
DA:24,3
DA:25,3
DA:27,3
LF:13
LH:13
BRF:0
BRH:0
end_of_record
TN:
SF:src\routes\index.ts
FN:15,(anonymous_1)
FNF:1
FNH:0
FNDA:0,(anonymous_1)
DA:1,3
DA:2,3
DA:3,3
DA:4,3
DA:5,3
DA:7,3
DA:9,3
DA:10,3
DA:11,3
DA:12,3
DA:15,3
DA:16,0
DA:23,3
LF:13
LH:12
BRF:0
BRH:0
end_of_record
