TN:
SF:src\app.ts
FN:38,(anonymous_1)
FNF:1
FNH:0
FNDA:0,(anonymous_1)
DA:1,2
DA:2,2
DA:3,2
DA:4,2
DA:5,2
DA:6,2
DA:8,2
DA:11,2
DA:12,2
DA:20,2
DA:28,2
DA:31,2
DA:32,2
DA:35,2
DA:38,2
DA:39,0
DA:46,2
DA:48,2
LF:18
LH:17
BRDA:14,0,0,2
BRDA:14,0,1,2
BRF:2
BRH:2
end_of_record
TN:
SF:src\controllers\authController.ts
FN:6,(anonymous_1)
FN:14,(anonymous_2)
FN:59,(anonymous_3)
FN:104,(anonymous_4)
FN:158,(anonymous_5)
FN:207,(anonymous_6)
FNF:6
FNH:6
FNDA:1,(anonymous_1)
FNDA:3,(anonymous_2)
FNDA:3,(anonymous_3)
FNDA:4,(anonymous_4)
FNDA:2,(anonymous_5)
FNDA:2,(anonymous_6)
DA:2,3
DA:3,3
DA:6,3
DA:7,1
DA:8,1
DA:11,1
DA:14,3
DA:15,3
DA:16,3
DA:19,3
DA:20,2
DA:21,1
DA:28,1
DA:35,1
DA:37,1
DA:51,1
DA:59,3
DA:60,3
DA:61,3
DA:64,3
DA:65,2
DA:66,1
DA:73,1
DA:74,1
DA:75,1
DA:81,0
DA:83,0
DA:97,1
DA:104,3
DA:105,4
DA:106,4
DA:109,4
DA:110,3
DA:111,1
DA:118,2
DA:119,1
DA:126,1
DA:127,1
DA:128,1
DA:134,0
DA:136,0
DA:150,1
DA:158,3
DA:159,2
DA:160,2
DA:163,2
DA:164,1
DA:165,1
DA:172,0
DA:180,0
DA:183,0
DA:185,0
DA:198,1
DA:199,1
DA:207,3
DA:208,2
DA:209,2
DA:211,1
DA:212,1
DA:218,0
DA:231,1
LF:61
LH:52
BRDA:7,0,0,1
BRDA:7,0,1,1
BRDA:9,1,0,1
BRDA:9,1,1,1
BRDA:20,2,0,1
BRDA:32,3,0,1
BRDA:32,3,1,0
BRDA:54,4,0,1
BRDA:54,4,1,0
BRDA:65,5,0,1
BRDA:74,6,0,1
BRDA:100,7,0,1
BRDA:100,7,1,0
BRDA:110,8,0,1
BRDA:118,9,0,1
BRDA:127,10,0,1
BRDA:153,11,0,1
BRDA:153,11,1,0
BRDA:164,12,0,1
BRDA:202,13,0,1
BRDA:202,13,1,0
BRDA:211,14,0,1
BRDA:234,15,0,1
BRDA:234,15,1,0
BRF:24
BRH:18
end_of_record
TN:
SF:src\controllers\bookingController.ts
FN:9,(anonymous_1)
FN:15,(anonymous_2)
FN:32,(anonymous_3)
FN:153,(anonymous_4)
FN:236,(anonymous_5)
FN:278,(anonymous_6)
FN:307,(anonymous_7)
FN:352,(anonymous_8)
FNF:8
FNH:8
FNDA:2,(anonymous_1)
FNDA:2,(anonymous_2)
FNDA:3,(anonymous_3)
FNDA:3,(anonymous_4)
FNDA:2,(anonymous_5)
FNDA:1,(anonymous_6)
FNDA:1,(anonymous_7)
FNDA:1,(anonymous_8)
DA:2,2
DA:3,2
DA:4,2
DA:6,2
DA:9,2
DA:10,2
DA:12,2
DA:15,2
DA:18,2
DA:25,0
DA:32,2
DA:33,3
DA:39,3
DA:40,3
DA:43,3
DA:44,0
DA:50,3
DA:53,3
DA:54,3
DA:55,0
DA:62,3
DA:63,0
DA:70,3
DA:76,3
DA:77,1
DA:84,2
DA:85,0
DA:92,2
DA:95,2
DA:97,2
DA:98,0
DA:106,2
DA:118,2
DA:121,2
DA:122,2
DA:125,2
DA:130,2
DA:143,0
DA:153,2
DA:154,3
DA:155,3
DA:156,3
DA:159,3
DA:161,3
DA:162,2
DA:169,1
DA:170,0
DA:177,1
DA:178,1
DA:179,0
DA:186,1
DA:187,1
DA:189,1
DA:191,1
DA:192,0
DA:199,1
DA:200,1
DA:203,1
DA:204,1
DA:207,1
DA:208,0
DA:209,0
DA:211,0
DA:216,0
DA:221,1
DA:227,0
DA:236,2
DA:237,2
DA:238,2
DA:239,2
DA:241,2
DA:242,2
DA:244,2
DA:245,2
DA:246,2
DA:248,2
DA:255,2
DA:257,2
DA:270,0
DA:278,2
DA:279,1
DA:280,1
DA:281,1
DA:283,1
DA:287,1
DA:288,0
DA:294,1
DA:299,0
DA:307,2
DA:308,1
DA:309,1
DA:312,1
DA:313,1
DA:314,1
DA:315,1
DA:317,1
DA:318,1
DA:319,1
DA:321,1
DA:329,1
DA:331,1
DA:344,0
DA:352,2
DA:353,1
DA:354,1
DA:355,1
DA:358,1
DA:359,1
DA:360,0
DA:367,1
DA:368,1
DA:370,1
DA:371,1
DA:372,1
DA:374,1
DA:381,1
DA:384,1
DA:396,1
DA:417,0
LF:119
LH:98
BRDA:27,0,0,0
BRDA:27,0,1,0
BRDA:43,1,0,0
BRDA:54,2,0,0
BRDA:62,3,0,0
BRDA:76,4,0,1
BRDA:84,5,0,0
BRDA:97,6,0,0
BRDA:146,7,0,0
BRDA:146,7,1,0
BRDA:161,8,0,2
BRDA:169,9,0,0
BRDA:178,10,0,0
BRDA:191,11,0,0
BRDA:207,12,0,0
BRDA:230,13,0,0
BRDA:230,13,1,0
BRDA:239,14,0,2
BRDA:239,15,0,2
BRDA:242,16,0,1
BRDA:273,17,0,0
BRDA:273,17,1,0
BRDA:287,18,0,0
BRDA:302,19,0,0
BRDA:302,19,1,0
BRDA:309,20,0,1
BRDA:309,21,0,1
BRDA:313,22,0,0
BRDA:314,23,0,0
BRDA:315,24,0,0
BRDA:347,25,0,0
BRDA:347,25,1,0
BRDA:355,26,0,1
BRDA:355,27,0,1
BRDA:359,28,0,0
BRDA:368,29,0,0
BRDA:420,30,0,0
BRDA:420,30,1,0
BRF:38
BRH:9
end_of_record
TN:
SF:src\controllers\dashboardController.ts
FN:8,(anonymous_1)
FN:169,(anonymous_2)
FNF:2
FNH:2
FNDA:1,(anonymous_1)
FNDA:3,(anonymous_2)
DA:3,3
DA:4,3
DA:5,3
DA:8,3
DA:9,1
DA:12,1
DA:23,1
DA:24,1
DA:26,1
DA:50,1
DA:85,1
DA:128,1
DA:136,1
DA:144,1
DA:161,0
DA:169,3
DA:170,3
DA:171,3
DA:176,3
DA:178,1
DA:179,1
DA:180,1
DA:185,1
DA:187,1
DA:188,1
DA:189,1
DA:193,1
DA:195,1
DA:196,1
DA:197,1
DA:204,3
DA:224,3
DA:229,0
LF:33
LH:31
BRDA:151,0,0,1
BRDA:151,0,1,0
BRDA:164,1,0,0
BRDA:164,1,1,0
BRDA:171,2,0,1
BRDA:176,3,0,1
BRDA:176,3,1,1
BRDA:176,3,2,1
BRDA:232,4,0,0
BRDA:232,4,1,0
BRF:10
BRH:5
end_of_record
TN:
SF:src\controllers\eventController.ts
FN:6,(anonymous_1)
FN:77,(anonymous_2)
FN:112,(anonymous_3)
FN:146,(anonymous_4)
FN:207,(anonymous_5)
FN:254,(anonymous_6)
FN:271,(anonymous_7)
FNF:7
FNH:6
FNDA:6,(anonymous_1)
FNDA:3,(anonymous_2)
FNDA:2,(anonymous_3)
FNDA:0,(anonymous_4)
FNDA:3,(anonymous_5)
FNDA:2,(anonymous_6)
FNDA:2,(anonymous_7)
DA:2,2
DA:4,2
DA:6,2
DA:7,6
DA:18,6
DA:21,6
DA:23,6
DA:24,6
DA:25,6
DA:26,0
DA:27,0
DA:28,0
DA:29,0
DA:31,6
DA:33,1
DA:35,6
DA:36,1
DA:40,6
DA:41,6
DA:43,6
DA:44,6
DA:45,6
DA:47,6
DA:54,6
DA:56,6
DA:69,0
DA:77,2
DA:78,3
DA:79,3
DA:82,3
DA:83,1
DA:89,2
DA:91,2
DA:92,1
DA:98,1
DA:104,0
DA:112,2
DA:113,2
DA:114,2
DA:119,2
DA:121,1
DA:123,1
DA:131,1
DA:132,1
DA:138,0
DA:146,2
DA:147,0
DA:148,0
DA:151,0
DA:152,0
DA:158,0
DA:160,0
DA:161,0
DA:168,0
DA:172,0
DA:178,0
DA:184,0
DA:192,0
DA:193,0
DA:199,0
DA:207,2
DA:208,3
DA:209,3
DA:212,3
DA:213,1
DA:219,2
DA:221,2
DA:222,1
DA:229,1
DA:233,0
DA:239,1
DA:241,1
DA:246,0
DA:254,2
DA:255,2
DA:256,2
DA:258,1
DA:263,1
DA:271,2
DA:272,2
DA:273,2
DA:275,1
DA:280,1
LF:83
LH:60
BRDA:9,0,0,6
BRDA:10,1,0,6
BRDA:16,2,0,5
BRDA:17,3,0,5
BRDA:23,4,0,1
BRDA:24,5,0,1
BRDA:25,6,0,0
BRDA:31,7,0,1
BRDA:35,8,0,1
BRDA:41,9,0,0
BRDA:41,9,1,6
BRDA:72,10,0,0
BRDA:72,10,1,0
BRDA:82,11,0,1
BRDA:91,12,0,1
BRDA:107,13,0,0
BRDA:107,13,1,0
BRDA:131,14,0,1
BRDA:141,15,0,0
BRDA:141,15,1,0
BRDA:151,16,0,0
BRDA:160,17,0,0
BRDA:168,18,0,0
BRDA:169,19,0,0
BRDA:169,19,1,0
BRDA:192,20,0,0
BRDA:202,21,0,0
BRDA:202,21,1,0
BRDA:212,22,0,1
BRDA:221,23,0,1
BRDA:229,24,0,0
BRDA:230,25,0,1
BRDA:230,25,1,0
BRDA:249,26,0,0
BRDA:249,26,1,0
BRDA:266,27,0,1
BRDA:266,27,1,0
BRDA:283,28,0,1
BRDA:283,28,1,0
BRF:39
BRH:17
end_of_record
TN:
SF:src\middleware\auth.ts
FN:6,(anonymous_1)
FN:42,(anonymous_2)
FN:43,(anonymous_3)
FNF:3
FNH:3
FNDA:23,(anonymous_1)
FNDA:18,(anonymous_2)
FNDA:15,(anonymous_3)
DA:2,3
DA:4,3
DA:6,3
DA:7,23
DA:8,23
DA:10,23
DA:11,3
DA:17,20
DA:19,20
DA:20,20
DA:21,0
DA:27,20
DA:33,20
DA:35,0
DA:42,3
DA:43,18
DA:44,15
DA:45,1
DA:51,14
DA:52,4
DA:58,10
LF:21
LH:19
BRDA:10,0,0,3
BRDA:17,1,0,20
BRDA:17,1,1,0
BRDA:20,2,0,0
BRDA:44,3,0,1
BRDA:51,4,0,4
BRF:6
BRH:4
end_of_record
TN:
SF:src\middleware\errorHandler.ts
FN:10,(anonymous_0)
FN:37,(anonymous_1)
FNF:2
FNH:2
FNDA:6,(anonymous_0)
FNDA:2,(anonymous_1)
DA:10,3
DA:16,6
DA:17,6
DA:20,6
DA:23,6
DA:24,1
DA:25,1
DA:29,6
DA:30,1
DA:31,1
DA:35,6
DA:36,1
DA:37,2
DA:39,1
DA:42,6
DA:48,3
LF:16
LH:16
BRDA:23,0,0,1
BRDA:29,1,0,1
BRDA:35,2,0,1
BRDA:36,3,0,1
BRDA:36,3,1,0
BRDA:42,4,0,6
BRDA:42,4,1,2
BRDA:44,5,0,6
BRDA:44,5,1,1
BRF:9
BRH:8
end_of_record
TN:
SF:src\middleware\validation.ts
FN:4,(anonymous_1)
FN:5,(anonymous_2)
FN:12,(anonymous_3)
FNF:3
FNH:3
FNDA:8,(anonymous_1)
FNDA:6,(anonymous_2)
FNDA:1,(anonymous_3)
DA:2,2
DA:4,2
DA:5,8
DA:6,6
DA:8,6
DA:9,1
DA:12,1
DA:16,5
DA:21,2
DA:28,2
DA:34,2
DA:70,2
DA:120,2
DA:121,2
DA:122,2
DA:123,2
LF:16
LH:16
BRDA:8,0,0,1
BRF:1
BRH:1
end_of_record
TN:
SF:src\models\Booking.ts
FN:78,(anonymous_9)
FN:86,(anonymous_10)
FN:98,(anonymous_11)
FN:161,(anonymous_12)
FNF:4
FNH:4
FNDA:15,(anonymous_9)
FNDA:15,(anonymous_10)
FNDA:15,(anonymous_11)
FNDA:15,(anonymous_12)
DA:1,3
DA:32,3
DA:78,15
DA:86,15
DA:98,15
DA:140,3
DA:141,3
DA:142,3
DA:145,3
DA:153,3
DA:161,3
DA:162,15
DA:163,14
DA:165,15
DA:169,3
DA:170,3
LF:16
LH:16
BRDA:162,0,0,14
BRF:1
BRH:1
end_of_record
TN:
SF:src\models\Event.ts
FN:58,(anonymous_9)
FN:104,(anonymous_10)
FNF:2
FNH:2
FNDA:29,(anonymous_9)
FNDA:21,(anonymous_10)
DA:1,3
DA:4,3
DA:59,29
DA:100,3
DA:101,3
DA:104,3
DA:105,21
DA:106,0
DA:108,21
DA:111,3
LF:10
LH:9
BRDA:105,0,0,0
BRDA:105,1,0,21
BRDA:105,1,1,18
BRF:3
BRH:2
end_of_record
TN:
SF:src\models\User.ts
FN:36,(anonymous_10)
FN:49,(anonymous_11)
FN:54,(anonymous_12)
FNF:3
FNH:2
FNDA:6,(anonymous_10)
FNDA:0,(anonymous_11)
FNDA:5,(anonymous_12)
DA:1,4
DA:2,4
DA:5,4
DA:36,4
DA:37,6
DA:39,6
DA:40,6
DA:41,6
DA:42,6
DA:44,0
DA:49,4
DA:50,0
DA:54,4
DA:55,5
DA:56,5
DA:57,5
DA:60,4
LF:17
LH:15
BRDA:37,0,0,0
BRF:1
BRH:0
end_of_record
TN:
SF:src\routes\auth.ts
FNF:0
FNH:0
DA:1,2
DA:2,2
DA:9,2
DA:10,2
DA:12,2
DA:14,2
DA:15,2
DA:16,2
DA:17,2
DA:18,2
DA:20,2
LF:11
LH:11
BRF:0
BRH:0
end_of_record
TN:
SF:src\routes\bookings.ts
FNF:0
FNH:0
DA:1,2
DA:2,2
DA:10,2
DA:11,2
DA:13,2
DA:16,2
DA:17,2
DA:18,2
DA:19,2
DA:22,2
DA:23,2
DA:30,2
LF:12
LH:12
BRF:0
BRH:0
end_of_record
TN:
SF:src\routes\dashboard.ts
FNF:0
FNH:0
DA:1,2
DA:2,2
DA:3,2
DA:5,2
DA:7,2
DA:8,2
DA:10,2
LF:7
LH:7
BRF:0
BRH:0
end_of_record
TN:
SF:src\routes\events.ts
FNF:0
FNH:0
DA:1,2
DA:2,2
DA:11,2
DA:12,2
DA:14,2
DA:17,2
DA:18,2
DA:19,2
DA:20,2
DA:23,2
DA:24,2
DA:25,2
DA:27,2
LF:13
LH:13
BRF:0
BRH:0
end_of_record
TN:
SF:src\routes\index.ts
FN:15,(anonymous_1)
FNF:1
FNH:0
FNDA:0,(anonymous_1)
DA:1,2
DA:2,2
DA:3,2
DA:4,2
DA:5,2
DA:7,2
DA:9,2
DA:10,2
DA:11,2
DA:12,2
DA:15,2
DA:16,0
DA:23,2
LF:13
LH:12
BRF:0
BRH:0
end_of_record
